{"meta": {"format": 3, "version": "7.12.0", "timestamp": "2026-01-08T08:45:33.236793", "branch_coverage": false, "show_contexts": false}, "files": {"src/jig/__init__.py": {"executed_lines": [1, 3, 5, 8, 9, 12, 30, 32, 33, 34, 35, 36, 39, 57, 59, 60, 61, 62, 63, 66], "summary": {"covered_lines": 19, "num_statements": 19, "percent_covered": 100.0, "percent_covered_display": "100.00", "missing_lines": 0, "excluded_lines": 0, "percent_statements_covered": 100.0, "percent_statements_covered_display": "100.00"}, "missing_lines": [], "excluded_lines": [], "functions": {"implements": {"executed_lines": [30, 36], "summary": {"covered_lines": 2, "num_statements": 2, "percent_covered": 100.0, "percent_covered_display": "100.00", "missing_lines": 0, "excluded_lines": 0, "percent_statements_covered": 100.0, "percent_statements_covered_display": "100.00"}, "missing_lines": [], "excluded_lines": []}, "implements.decorator": {"executed_lines": [32, 33, 34, 35], "summary": {"covered_lines": 4, "num_statements": 4, "percent_covered": 100.0, "percent_covered_display": "100.00", "missing_lines": 0, "excluded_lines": 0, "percent_statements_covered": 100.0, "percent_statements_covered_display": "100.00"}, "missing_lines": [], "excluded_lines": []}, "verifies": {"executed_lines": [57, 63], "summary": {"covered_lines": 2, "num_statements": 2, "percent_covered": 100.0, "percent_covered_display": "100.00", "missing_lines": 0, "excluded_lines": 0, "percent_statements_covered": 100.0, "percent_statements_covered_display": "100.00"}, "missing_lines": [], "excluded_lines": []}, "verifies.decorator": {"executed_lines": [59, 60, 61, 62], "summary": {"covered_lines": 4, "num_statements": 4, "percent_covered": 100.0, "percent_covered_display": "100.00", "missing_lines": 0, "excluded_lines": 0, "percent_statements_covered": 100.0, "percent_statements_covered_display": "100.00"}, "missing_lines": [], "excluded_lines": []}, "": {"executed_lines": [1, 3, 5, 8, 9, 12, 39, 66], "summary": {"covered_lines": 7, "num_statements": 7, "percent_covered": 100.0, "percent_covered_display": "100.00", "missing_lines": 0, "excluded_lines": 0, "percent_statements_covered": 100.0, "percent_statements_covered_display": "100.00"}, "missing_lines": [], "excluded_lines": []}}, "classes": {"": {"executed_lines": [1, 3, 5, 8, 9, 12, 30, 32, 33, 34, 35, 36, 39, 57, 59, 60, 61, 62, 63, 66], "summary": {"covered_lines": 19, "num_statements": 19, "percent_covered": 100.0, "percent_covered_display": "100.00", "missing_lines": 0, "excluded_lines": 0, "percent_statements_covered": 100.0, "percent_statements_covered_display": "100.00"}, "missing_lines": [], "excluded_lines": []}}}, "src/jig/audit/__init__.py": {"executed_lines": [1], "summary": {"covered_lines": 0, "num_statements": 0, "percent_covered": 100.0, "percent_covered_display": "100.00", "missing_lines": 0, "excluded_lines": 0, "percent_statements_covered": 100.0, "percent_statements_covered_display": "100.00"}, "missing_lines": [], "excluded_lines": [], "functions": {"": {"executed_lines": [1], "summary": {"covered_lines": 0, "num_statements": 0, "percent_covered": 100.0, "percent_covered_display": "100.00", "missing_lines": 0, "excluded_lines": 0, "percent_statements_covered": 100.0, "percent_statements_covered_display": "100.00"}, "missing_lines": [], "excluded_lines": []}}, "classes": {"": {"executed_lines": [1], "summary": {"covered_lines": 0, "num_statements": 0, "percent_covered": 100.0, "percent_covered_display": "100.00", "missing_lines": 0, "excluded_lines": 0, "percent_statements_covered": 100.0, "percent_statements_covered_display": "100.00"}, "missing_lines": [], "excluded_lines": []}}}, "src/jig/audit/coverage.py": {"executed_lines": [1, 7, 8, 9, 10, 11, 12, 13, 14, 15, 16, 18, 19, 22, 23, 43, 44, 47, 48, 51, 52, 57, 68, 71, 78, 81, 82, 91, 92, 93, 96, 97, 98, 100, 101, 102, 105, 106, 125, 128, 132, 134, 136, 137, 141, 142, 143, 144, 145, 148, 150, 153, 154, 167, 169, 170, 171, 172, 173, 176, 177, 180, 181, 182, 184, 185, 188, 189, 191, 194, 195, 214, 215, 216, 219, 220, 222, 224, 227, 230, 231, 242, 244, 246, 247, 250, 258, 259, 260, 262, 263, 270, 275, 278, 279, 292, 293, 294, 296, 297, 300, 304, 308, 310], "summary": {"covered_lines": 102, "num_statements": 104, "percent_covered": 98.07692307692308, "percent_covered_display": "98.08", "missing_lines": 2, "excluded_lines": 0, "percent_statements_covered": 98.07692307692308, "percent_statements_covered_display": "98.08"}, "missing_lines": [138, 178], "excluded_lines": [], "functions": {"run_coverage_collection": {"executed_lines": [43, 44, 47, 48, 51, 52, 57, 68, 71, 78], "summary": {"covered_lines": 10, "num_statements": 10, "percent_covered": 100.0, "percent_covered_display": "100.00", "missing_lines": 0, "excluded_lines": 0, "percent_statements_covered": 100.0, "percent_statements_covered_display": "100.00"}, "missing_lines": [], "excluded_lines": []}, "ensure_audits_directory": {"executed_lines": [91, 92, 93], "summary": {"covered_lines": 3, "num_statements": 3, "percent_covered": 100.0, "percent_covered_display": "100.00", "missing_lines": 0, "excluded_lines": 0, "percent_statements_covered": 100.0, "percent_statements_covered_display": "100.00"}, "missing_lines": [], "excluded_lines": []}, "extract_tf_edges": {"executed_lines": [125, 128, 132, 134, 136, 137, 141, 142, 143, 144, 145, 148, 150], "summary": {"covered_lines": 13, "num_statements": 14, "percent_covered": 92.85714285714286, "percent_covered_display": "92.86", "missing_lines": 1, "excluded_lines": 0, "percent_statements_covered": 92.85714285714286, "percent_statements_covered_display": "92.86"}, "missing_lines": [138], "excluded_lines": []}, "_build_function_index": {"executed_lines": [167, 169, 170, 171, 172, 173, 176, 177, 180, 181, 182, 184, 185, 188, 189, 191], "summary": {"covered_lines": 16, "num_statements": 17, "percent_covered": 94.11764705882354, "percent_covered_display": "94.12", "missing_lines": 1, "excluded_lines": 0, "percent_statements_covered": 94.11764705882354, "percent_statements_covered_display": "94.12"}, "missing_lines": [178], "excluded_lines": []}, "_find_function_at_line": {"executed_lines": [214, 215, 216, 219, 220, 222, 224, 227], "summary": {"covered_lines": 8, "num_statements": 8, "percent_covered": 100.0, "percent_covered_display": "100.00", "missing_lines": 0, "excluded_lines": 0, "percent_statements_covered": 100.0, "percent_statements_covered_display": "100.00"}, "missing_lines": [], "excluded_lines": []}, "_parse_coverage_database": {"executed_lines": [242, 244, 246, 247, 250, 258, 259, 260, 262, 263], "summary": {"covered_lines": 10, "num_statements": 10, "percent_covered": 100.0, "percent_covered_display": "100.00", "missing_lines": 0, "excluded_lines": 0, "percent_statements_covered": 100.0, "percent_statements_covered_display": "100.00"}, "missing_lines": [], "excluded_lines": []}, "_context_to_test_id": {"executed_lines": [292, 293, 294, 296, 297, 300, 304, 308, 310], "summary": {"covered_lines": 9, "num_statements": 9, "percent_covered": 100.0, "percent_covered_display": "100.00", "missing_lines": 0, "excluded_lines": 0, "percent_statements_covered": 100.0, "percent_statements_covered_display": "100.00"}, "missing_lines": [], "excluded_lines": []}, "": {"executed_lines": [1, 7, 8, 9, 10, 11, 12, 13, 14, 15, 16, 18, 19, 22, 23, 81, 82, 96, 97, 98, 100, 101, 102, 105, 106, 153, 154, 194, 195, 230, 231, 270, 275, 278, 279], "summary": {"covered_lines": 33, "num_statements": 33, "percent_covered": 100.0, "percent_covered_display": "100.00", "missing_lines": 0, "excluded_lines": 0, "percent_statements_covered": 100.0, "percent_statements_covered_display": "100.00"}, "missing_lines": [], "excluded_lines": []}}, "classes": {"TFEdge": {"executed_lines": [], "summary": {"covered_lines": 0, "num_statements": 0, "percent_covered": 100.0, "percent_covered_display": "100.00", "missing_lines": 0, "excluded_lines": 0, "percent_statements_covered": 100.0, "percent_statements_covered_display": "100.00"}, "missing_lines": [], "excluded_lines": []}, "": {"executed_lines": [1, 7, 8, 9, 10, 11, 12, 13, 14, 15, 16, 18, 19, 22, 23, 43, 44, 47, 48, 51, 52, 57, 68, 71, 78, 81, 82, 91, 92, 93, 96, 97, 98, 100, 101, 102, 105, 106, 125, 128, 132, 134, 136, 137, 141, 142, 143, 144, 145, 148, 150, 153, 154, 167, 169, 170, 171, 172, 173, 176, 177, 180, 181, 182, 184, 185, 188, 189, 191, 194, 195, 214, 215, 216, 219, 220, 222, 224, 227, 230, 231, 242, 244, 246, 247, 250, 258, 259, 260, 262, 263, 270, 275, 278, 279, 292, 293, 294, 296, 297, 300, 304, 308, 310], "summary": {"covered_lines": 102, "num_statements": 104, "percent_covered": 98.07692307692308, "percent_covered_display": "98.08", "missing_lines": 2, "excluded_lines": 0, "percent_statements_covered": 98.07692307692308, "percent_statements_covered_display": "98.08"}, "missing_lines": [138, 178], "excluded_lines": []}}}, "src/jig/audit/record_writer.py": {"executed_lines": [1, 7, 8, 9, 10, 12, 14, 17, 18, 40, 41, 44, 45, 48, 49, 50, 51, 54, 57, 58, 60, 61, 62, 64, 67, 68, 77, 79, 80, 81, 82, 83, 84, 85, 86, 88, 91, 92, 101, 103, 104, 105, 106, 107, 108, 109, 110, 112, 115, 116, 131, 145, 146, 155, 156, 157, 158], "summary": {"covered_lines": 56, "num_statements": 56, "percent_covered": 100.0, "percent_covered_display": "100.00", "missing_lines": 0, "excluded_lines": 0, "percent_statements_covered": 100.0, "percent_statements_covered_display": "100.00"}, "missing_lines": [], "excluded_lines": [], "functions": {"write_coverage_record": {"executed_lines": [40, 41, 44, 45, 48, 49, 50, 51, 54, 57, 58, 60, 61, 62, 64], "summary": {"covered_lines": 15, "num_statements": 15, "percent_covered": 100.0, "percent_covered_display": "100.00", "missing_lines": 0, "excluded_lines": 0, "percent_statements_covered": 100.0, "percent_statements_covered_display": "100.00"}, "missing_lines": [], "excluded_lines": []}, "_load_function_hashes": {"executed_lines": [77, 79, 80, 81, 82, 83, 84, 85, 86, 88], "summary": {"covered_lines": 10, "num_statements": 10, "percent_covered": 100.0, "percent_covered_display": "100.00", "missing_lines": 0, "excluded_lines": 0, "percent_statements_covered": 100.0, "percent_statements_covered_display": "100.00"}, "missing_lines": [], "excluded_lines": []}, "_load_test_hashes": {"executed_lines": [101, 103, 104, 105, 106, 107, 108, 109, 110, 112], "summary": {"covered_lines": 10, "num_statements": 10, "percent_covered": 100.0, "percent_covered_display": "100.00", "missing_lines": 0, "excluded_lines": 0, "percent_statements_covered": 100.0, "percent_statements_covered_display": "100.00"}, "missing_lines": [], "excluded_lines": []}, "_build_edge_record": {"executed_lines": [131], "summary": {"covered_lines": 1, "num_statements": 1, "percent_covered": 100.0, "percent_covered_display": "100.00", "missing_lines": 0, "excluded_lines": 0, "percent_statements_covered": 100.0, "percent_statements_covered_display": "100.00"}, "missing_lines": [], "excluded_lines": []}, "cleanup_coverage_file": {"executed_lines": [155, 156, 157, 158], "summary": {"covered_lines": 4, "num_statements": 4, "percent_covered": 100.0, "percent_covered_display": "100.00", "missing_lines": 0, "excluded_lines": 0, "percent_statements_covered": 100.0, "percent_statements_covered_display": "100.00"}, "missing_lines": [], "excluded_lines": []}, "": {"executed_lines": [1, 7, 8, 9, 10, 12, 14, 17, 18, 67, 68, 91, 92, 115, 116, 145, 146], "summary": {"covered_lines": 16, "num_statements": 16, "percent_covered": 100.0, "percent_covered_display": "100.00", "missing_lines": 0, "excluded_lines": 0, "percent_statements_covered": 100.0, "percent_statements_covered_display": "100.00"}, "missing_lines": [], "excluded_lines": []}}, "classes": {"": {"executed_lines": [1, 7, 8, 9, 10, 12, 14, 17, 18, 40, 41, 44, 45, 48, 49, 50, 51, 54, 57, 58, 60, 61, 62, 64, 67, 68, 77, 79, 80, 81, 82, 83, 84, 85, 86, 88, 91, 92, 101, 103, 104, 105, 106, 107, 108, 109, 110, 112, 115, 116, 131, 145, 146, 155, 156, 157, 158], "summary": {"covered_lines": 56, "num_statements": 56, "percent_covered": 100.0, "percent_covered_display": "100.00", "missing_lines": 0, "excluded_lines": 0, "percent_statements_covered": 100.0, "percent_statements_covered_display": "100.00"}, "missing_lines": [], "excluded_lines": []}}}, "src/jig/cli/__init__.py": {"executed_lines": [1], "summary": {"covered_lines": 0, "num_statements": 0, "percent_covered": 100.0, "percent_covered_display": "100.00", "missing_lines": 0, "excluded_lines": 0, "percent_statements_covered": 100.0, "percent_statements_covered_display": "100.00"}, "missing_lines": [], "excluded_lines": [], "functions": {"": {"executed_lines": [1], "summary": {"covered_lines": 0, "num_statements": 0, "percent_covered": 100.0, "percent_covered_display": "100.00", "missing_lines": 0, "excluded_lines": 0, "percent_statements_covered": 100.0, "percent_statements_covered_display": "100.00"}, "missing_lines": [], "excluded_lines": []}}, "classes": {"": {"executed_lines": [1], "summary": {"covered_lines": 0, "num_statements": 0, "percent_covered": 100.0, "percent_covered_display": "100.00", "missing_lines": 0, "excluded_lines": 0, "percent_statements_covered": 100.0, "percent_statements_covered_display": "100.00"}, "missing_lines": [], "excluded_lines": []}}}, "src/jig/cli/audit.py": {"executed_lines": [1, 6, 7, 9, 11, 12, 13, 16, 39, 47, 53, 56, 79, 80, 81, 82, 83, 84, 85, 86, 87, 89, 96, 99, 109, 116, 126, 127, 128, 129, 130, 131, 132, 133, 136, 137, 162, 165, 166, 167, 172, 174, 175, 178, 179, 181, 182, 183, 184, 186, 189, 190, 191, 193, 194, 195, 196, 198, 201, 202, 203, 206, 209, 210, 211, 213, 214, 215, 216, 217, 218, 219, 221, 222, 226, 227, 228, 231, 232, 233, 234, 235, 238, 239, 240, 248, 251, 254, 256, 257, 266, 267, 278, 279, 280, 281, 282, 283, 286], "summary": {"covered_lines": 98, "num_statements": 109, "percent_covered": 89.90825688073394, "percent_covered_display": "89.91", "missing_lines": 11, "excluded_lines": 0, "percent_statements_covered": 89.90825688073394, "percent_statements_covered_display": "89.91"}, "missing_lines": [48, 90, 91, 92, 93, 94, 185, 187, 197, 199, 284], "excluded_lines": [], "functions": {"_format_coverage_json": {"executed_lines": [39, 47, 53], "summary": {"covered_lines": 3, "num_statements": 4, "percent_covered": 75.0, "percent_covered_display": "75.00", "missing_lines": 1, "excluded_lines": 0, "percent_statements_covered": 75.0, "percent_statements_covered_display": "75.00"}, "missing_lines": [48], "excluded_lines": []}, "_format_coverage_markdown": {"executed_lines": [79, 80, 81, 82, 83, 84, 85, 86, 87, 89, 96], "summary": {"covered_lines": 11, "num_statements": 16, "percent_covered": 68.75, "percent_covered_display": "68.75", "missing_lines": 5, "excluded_lines": 0, "percent_statements_covered": 68.75, "percent_statements_covered_display": "68.75"}, "missing_lines": [90, 91, 92, 93, 94], "excluded_lines": []}, "_format_coverage_error_json": {"executed_lines": [109], "summary": {"covered_lines": 1, "num_statements": 1, "percent_covered": 100.0, "percent_covered_display": "100.00", "missing_lines": 0, "excluded_lines": 0, "percent_statements_covered": 100.0, "percent_statements_covered_display": "100.00"}, "missing_lines": [], "excluded_lines": []}, "_format_coverage_error_markdown": {"executed_lines": [126, 127, 128, 129, 130, 131, 132, 133], "summary": {"covered_lines": 8, "num_statements": 8, "percent_covered": 100.0, "percent_covered_display": "100.00", "missing_lines": 0, "excluded_lines": 0, "percent_statements_covered": 100.0, "percent_statements_covered_display": "100.00"}, "missing_lines": [], "excluded_lines": []}, "coverage_command": {"executed_lines": [162, 165, 166, 167, 172, 174, 175, 178, 179, 181, 182, 183, 184, 186, 189, 190, 191, 193, 194, 195, 196, 198, 201, 202, 203, 206, 209, 210, 211, 213, 214, 215, 216, 217, 218, 219, 221, 222, 226, 227, 228, 231, 232, 233, 234, 235, 238, 239, 240, 248, 251, 254, 256, 257, 266, 267, 278, 279, 280, 281, 282, 283, 286], "summary": {"covered_lines": 63, "num_statements": 68, "percent_covered": 92.6470588235294, "percent_covered_display": "92.65", "missing_lines": 5, "excluded_lines": 0, "percent_statements_covered": 92.6470588235294, "percent_statements_covered_display": "92.65"}, "missing_lines": [185, 187, 197, 199, 284], "excluded_lines": []}, "": {"executed_lines": [1, 6, 7, 9, 11, 12, 13, 16, 56, 99, 116, 136, 137], "summary": {"covered_lines": 12, "num_statements": 12, "percent_covered": 100.0, "percent_covered_display": "100.00", "missing_lines": 0, "excluded_lines": 0, "percent_statements_covered": 100.0, "percent_statements_covered_display": "100.00"}, "missing_lines": [], "excluded_lines": []}}, "classes": {"": {"executed_lines": [1, 6, 7, 9, 11, 12, 13, 16, 39, 47, 53, 56, 79, 80, 81, 82, 83, 84, 85, 86, 87, 89, 96, 99, 109, 116, 126, 127, 128, 129, 130, 131, 132, 133, 136, 137, 162, 165, 166, 167, 172, 174, 175, 178, 179, 181, 182, 183, 184, 186, 189, 190, 191, 193, 194, 195, 196, 198, 201, 202, 203, 206, 209, 210, 211, 213, 214, 215, 216, 217, 218, 219, 221, 222, 226, 227, 228, 231, 232, 233, 234, 235, 238, 239, 240, 248, 251, 254, 256, 257, 266, 267, 278, 279, 280, 281, 282, 283, 286], "summary": {"covered_lines": 98, "num_statements": 109, "percent_covered": 89.90825688073394, "percent_covered_display": "89.91", "missing_lines": 11, "excluded_lines": 0, "percent_statements_covered": 89.90825688073394, "percent_statements_covered_display": "89.91"}, "missing_lines": [48, 90, 91, 92, 93, 94, 185, 187, 197, 199, 284], "excluded_lines": []}}}, "src/jig/cli/auto_rebuild.py": {"executed_lines": [1, 7, 9, 11, 12, 13, 16, 17, 32, 33, 36, 38, 39, 42, 45, 51, 58, 59, 62, 63, 64, 66, 69, 70, 71, 74, 81, 82, 83, 84, 85, 86, 89, 91, 92, 93, 96, 99, 100, 102, 113, 116, 118, 119, 121, 122, 124, 132, 135, 137, 138, 140, 141, 147, 154], "summary": {"covered_lines": 54, "num_statements": 55, "percent_covered": 98.18181818181819, "percent_covered_display": "98.18", "missing_lines": 1, "excluded_lines": 0, "percent_statements_covered": 98.18181818181819, "percent_statements_covered_display": "98.18"}, "missing_lines": [97], "excluded_lines": [], "functions": {"ensure_graphs_current": {"executed_lines": [32, 33, 36, 38, 39, 42, 45, 51, 58, 59, 62, 63, 64, 66, 69, 70, 71], "summary": {"covered_lines": 17, "num_statements": 17, "percent_covered": 100.0, "percent_covered_display": "100.00", "missing_lines": 0, "excluded_lines": 0, "percent_statements_covered": 100.0, "percent_statements_covered_display": "100.00"}, "missing_lines": [], "excluded_lines": []}, "_rebuild_graph_quietly": {"executed_lines": [81, 82, 83, 84, 85, 86], "summary": {"covered_lines": 6, "num_statements": 6, "percent_covered": 100.0, "percent_covered_display": "100.00", "missing_lines": 0, "excluded_lines": 0, "percent_statements_covered": 100.0, "percent_statements_covered_display": "100.00"}, "missing_lines": [], "excluded_lines": []}, "_rebuild_impl_quietly": {"executed_lines": [91, 92, 93, 96, 99, 100, 102, 113], "summary": {"covered_lines": 8, "num_statements": 9, "percent_covered": 88.88888888888889, "percent_covered_display": "88.89", "missing_lines": 1, "excluded_lines": 0, "percent_statements_covered": 88.88888888888889, "percent_statements_covered_display": "88.89"}, "missing_lines": [97], "excluded_lines": []}, "_rebuild_verify_quietly": {"executed_lines": [118, 119, 121, 122, 124, 132], "summary": {"covered_lines": 6, "num_statements": 6, "percent_covered": 100.0, "percent_covered_display": "100.00", "missing_lines": 0, "excluded_lines": 0, "percent_statements_covered": 100.0, "percent_statements_covered_display": "100.00"}, "missing_lines": [], "excluded_lines": []}, "_rebuild_intent_quietly": {"executed_lines": [137, 138, 140, 141, 147, 154], "summary": {"covered_lines": 6, "num_statements": 6, "percent_covered": 100.0, "percent_covered_display": "100.00", "missing_lines": 0, "excluded_lines": 0, "percent_statements_covered": 100.0, "percent_statements_covered_display": "100.00"}, "missing_lines": [], "excluded_lines": []}, "": {"executed_lines": [1, 7, 9, 11, 12, 13, 16, 17, 74, 89, 116, 135], "summary": {"covered_lines": 11, "num_statements": 11, "percent_covered": 100.0, "percent_covered_display": "100.00", "missing_lines": 0, "excluded_lines": 0, "percent_statements_covered": 100.0, "percent_statements_covered_display": "100.00"}, "missing_lines": [], "excluded_lines": []}}, "classes": {"": {"executed_lines": [1, 7, 9, 11, 12, 13, 16, 17, 32, 33, 36, 38, 39, 42, 45, 51, 58, 59, 62, 63, 64, 66, 69, 70, 71, 74, 81, 82, 83, 84, 85, 86, 89, 91, 92, 93, 96, 99, 100, 102, 113, 116, 118, 119, 121, 122, 124, 132, 135, 137, 138, 140, 141, 147, 154], "summary": {"covered_lines": 54, "num_statements": 55, "percent_covered": 98.18181818181819, "percent_covered_display": "98.18", "missing_lines": 1, "excluded_lines": 0, "percent_statements_covered": 98.18181818181819, "percent_statements_covered_display": "98.18"}, "missing_lines": [97], "excluded_lines": []}}}, "src/jig/cli/discovery.py": {"executed_lines": [1, 3, 5, 8, 9, 11, 14, 15, 30, 31, 33, 35, 36, 37, 38, 40, 41, 43, 46], "summary": {"covered_lines": 17, "num_statements": 17, "percent_covered": 100.0, "percent_covered_display": "100.00", "missing_lines": 0, "excluded_lines": 0, "percent_statements_covered": 100.0, "percent_statements_covered_display": "100.00"}, "missing_lines": [], "excluded_lines": [], "functions": {"find_project_root": {"executed_lines": [30, 31, 33, 35, 36, 37, 38, 40, 41, 43, 46], "summary": {"covered_lines": 11, "num_statements": 11, "percent_covered": 100.0, "percent_covered_display": "100.00", "missing_lines": 0, "excluded_lines": 0, "percent_statements_covered": 100.0, "percent_statements_covered_display": "100.00"}, "missing_lines": [], "excluded_lines": []}, "": {"executed_lines": [1, 3, 5, 8, 9, 11, 14, 15], "summary": {"covered_lines": 6, "num_statements": 6, "percent_covered": 100.0, "percent_covered_display": "100.00", "missing_lines": 0, "excluded_lines": 0, "percent_statements_covered": 100.0, "percent_statements_covered_display": "100.00"}, "missing_lines": [], "excluded_lines": []}}, "classes": {"ProjectNotFoundError": {"executed_lines": [], "summary": {"covered_lines": 0, "num_statements": 0, "percent_covered": 100.0, "percent_covered_display": "100.00", "missing_lines": 0, "excluded_lines": 0, "percent_statements_covered": 100.0, "percent_statements_covered_display": "100.00"}, "missing_lines": [], "excluded_lines": []}, "": {"executed_lines": [1, 3, 5, 8, 9, 11, 14, 15, 30, 31, 33, 35, 36, 37, 38, 40, 41, 43, 46], "summary": {"covered_lines": 17, "num_statements": 17, "percent_covered": 100.0, "percent_covered_display": "100.00", "missing_lines": 0, "excluded_lines": 0, "percent_statements_covered": 100.0, "percent_statements_covered_display": "100.00"}, "missing_lines": [], "excluded_lines": []}}}, "src/jig/cli/main.py": {"executed_lines": [1, 3, 4, 5, 7, 9, 10, 13, 14, 16, 18, 20, 21, 22, 25, 28, 30, 31, 32, 33, 34, 35, 36, 37, 40, 41, 50, 53, 54, 55, 62, 72, 79, 80, 81, 87, 88, 89, 91, 92, 93, 94, 98, 99, 100, 101, 102, 117, 119, 120, 121, 122, 125, 126, 127, 128, 129, 131, 132, 133, 134, 137, 138, 139, 140, 141, 143, 144, 145, 146, 149, 150, 151, 152, 153, 155, 156, 157, 158, 161, 162, 163, 164, 165, 176, 177, 178, 179, 182, 183, 184, 185, 186, 200, 201, 202, 203, 204, 205, 208, 209, 210, 211, 212, 223, 224, 225, 226, 227, 230, 231, 232, 233, 234, 245, 246, 247, 248, 249, 252, 253, 254, 255, 256, 267, 268, 269, 270, 271, 275, 276, 277, 278, 279, 291, 293, 294, 295, 296, 297, 300, 301, 302, 303, 304, 306, 307, 308, 309, 310, 313, 314, 315, 316, 317, 319, 320, 321, 322, 323, 326, 327, 328, 329, 330, 340, 341, 342, 343, 344, 347, 348, 349, 350, 351, 362, 363, 364, 365, 366, 369, 370, 371, 372, 373, 374, 386, 387, 388, 389, 390, 393, 394, 395, 396, 397, 398, 410, 411, 412, 413, 414, 417, 418, 419, 420, 421, 432, 433, 434, 435, 436, 440, 441, 442, 443, 452, 453, 456, 457, 458, 459, 460, 471, 472, 473, 474, 475, 478], "summary": {"covered_lines": 227, "num_statements": 228, "percent_covered": 99.56140350877193, "percent_covered_display": "99.56", "missing_lines": 1, "excluded_lines": 0, "percent_statements_covered": 99.56140350877193, "percent_statements_covered_display": "99.56"}, "missing_lines": [479], "excluded_lines": [], "functions": {"OrderedGroup.list_commands": {"executed_lines": [20, 21, 22], "summary": {"covered_lines": 3, "num_statements": 3, "percent_covered": 100.0, "percent_covered_display": "100.00", "missing_lines": 0, "excluded_lines": 0, "percent_statements_covered": 100.0, "percent_statements_covered_display": "100.00"}, "missing_lines": [], "excluded_lines": []}, "get_config": {"executed_lines": [30, 31, 32, 33, 34, 35, 36, 37], "summary": {"covered_lines": 8, "num_statements": 8, "percent_covered": 100.0, "percent_covered_display": "100.00", "missing_lines": 0, "excluded_lines": 0, "percent_statements_covered": 100.0, "percent_statements_covered_display": "100.00"}, "missing_lines": [], "excluded_lines": []}, "get_no_rebuild": {"executed_lines": [50], "summary": {"covered_lines": 1, "num_statements": 1, "percent_covered": 100.0, "percent_covered_display": "100.00", "missing_lines": 0, "excluded_lines": 0, "percent_statements_covered": 100.0, "percent_statements_covered_display": "100.00"}, "missing_lines": [], "excluded_lines": []}, "cli": {"executed_lines": [91, 92, 93, 94], "summary": {"covered_lines": 4, "num_statements": 4, "percent_covered": 100.0, "percent_covered_display": "100.00", "missing_lines": 0, "excluded_lines": 0, "percent_statements_covered": 100.0, "percent_statements_covered_display": "100.00"}, "missing_lines": [], "excluded_lines": []}, "rebuild_group": {"executed_lines": [117, 119, 120, 121, 122], "summary": {"covered_lines": 5, "num_statements": 5, "percent_covered": 100.0, "percent_covered_display": "100.00", "missing_lines": 0, "excluded_lines": 0, "percent_statements_covered": 100.0, "percent_statements_covered_display": "100.00"}, "missing_lines": [], "excluded_lines": []}, "rebuild_impl_cli": {"executed_lines": [131, 132, 133, 134], "summary": {"covered_lines": 4, "num_statements": 4, "percent_covered": 100.0, "percent_covered_display": "100.00", "missing_lines": 0, "excluded_lines": 0, "percent_statements_covered": 100.0, "percent_statements_covered_display": "100.00"}, "missing_lines": [], "excluded_lines": []}, "rebuild_intent_cli": {"executed_lines": [143, 144, 145, 146], "summary": {"covered_lines": 4, "num_statements": 4, "percent_covered": 100.0, "percent_covered_display": "100.00", "missing_lines": 0, "excluded_lines": 0, "percent_statements_covered": 100.0, "percent_statements_covered_display": "100.00"}, "missing_lines": [], "excluded_lines": []}, "rebuild_verify_cli": {"executed_lines": [155, 156, 157, 158], "summary": {"covered_lines": 4, "num_statements": 4, "percent_covered": 100.0, "percent_covered_display": "100.00", "missing_lines": 0, "excluded_lines": 0, "percent_statements_covered": 100.0, "percent_statements_covered_display": "100.00"}, "missing_lines": [], "excluded_lines": []}, "align": {"executed_lines": [176, 177, 178, 179], "summary": {"covered_lines": 4, "num_statements": 4, "percent_covered": 100.0, "percent_covered_display": "100.00", "missing_lines": 0, "excluded_lines": 0, "percent_statements_covered": 100.0, "percent_statements_covered_display": "100.00"}, "missing_lines": [], "excluded_lines": []}, "validate": {"executed_lines": [200, 201, 202, 203, 204, 205], "summary": {"covered_lines": 6, "num_statements": 6, "percent_covered": 100.0, "percent_covered_display": "100.00", "missing_lines": 0, "excluded_lines": 0, "percent_statements_covered": 100.0, "percent_statements_covered_display": "100.00"}, "missing_lines": [], "excluded_lines": []}, "validate_intent_cli": {"executed_lines": [223, 224, 225, 226, 227], "summary": {"covered_lines": 5, "num_statements": 5, "percent_covered": 100.0, "percent_covered_display": "100.00", "missing_lines": 0, "excluded_lines": 0, "percent_statements_covered": 100.0, "percent_statements_covered_display": "100.00"}, "missing_lines": [], "excluded_lines": []}, "validate_bricks_cli": {"executed_lines": [245, 246, 247, 248, 249], "summary": {"covered_lines": 5, "num_statements": 5, "percent_covered": 100.0, "percent_covered_display": "100.00", "missing_lines": 0, "excluded_lines": 0, "percent_statements_covered": 100.0, "percent_statements_covered_display": "100.00"}, "missing_lines": [], "excluded_lines": []}, "full": {"executed_lines": [267, 268, 269, 270, 271], "summary": {"covered_lines": 5, "num_statements": 5, "percent_covered": 100.0, "percent_covered_display": "100.00", "missing_lines": 0, "excluded_lines": 0, "percent_statements_covered": 100.0, "percent_statements_covered_display": "100.00"}, "missing_lines": [], "excluded_lines": []}, "show_group": {"executed_lines": [291, 293, 294, 295, 296, 297], "summary": {"covered_lines": 6, "num_statements": 6, "percent_covered": 100.0, "percent_covered_display": "100.00", "missing_lines": 0, "excluded_lines": 0, "percent_statements_covered": 100.0, "percent_statements_covered_display": "100.00"}, "missing_lines": [], "excluded_lines": []}, "show_layers_cli": {"executed_lines": [306, 307, 308, 309, 310], "summary": {"covered_lines": 5, "num_statements": 5, "percent_covered": 100.0, "percent_covered_display": "100.00", "missing_lines": 0, "excluded_lines": 0, "percent_statements_covered": 100.0, "percent_statements_covered_display": "100.00"}, "missing_lines": [], "excluded_lines": []}, "show_bricks_cli": {"executed_lines": [319, 320, 321, 322, 323], "summary": {"covered_lines": 5, "num_statements": 5, "percent_covered": 100.0, "percent_covered_display": "100.00", "missing_lines": 0, "excluded_lines": 0, "percent_statements_covered": 100.0, "percent_statements_covered_display": "100.00"}, "missing_lines": [], "excluded_lines": []}, "show_charter_cli": {"executed_lines": [340, 341, 342, 343, 344], "summary": {"covered_lines": 5, "num_statements": 5, "percent_covered": 100.0, "percent_covered_display": "100.00", "missing_lines": 0, "excluded_lines": 0, "percent_statements_covered": 100.0, "percent_statements_covered_display": "100.00"}, "missing_lines": [], "excluded_lines": []}, "show_goals_cli": {"executed_lines": [362, 363, 364, 365, 366], "summary": {"covered_lines": 5, "num_statements": 5, "percent_covered": 100.0, "percent_covered_display": "100.00", "missing_lines": 0, "excluded_lines": 0, "percent_statements_covered": 100.0, "percent_statements_covered_display": "100.00"}, "missing_lines": [], "excluded_lines": []}, "show_architecture_cli": {"executed_lines": [386, 387, 388, 389, 390], "summary": {"covered_lines": 5, "num_statements": 5, "percent_covered": 100.0, "percent_covered_display": "100.00", "missing_lines": 0, "excluded_lines": 0, "percent_statements_covered": 100.0, "percent_statements_covered_display": "100.00"}, "missing_lines": [], "excluded_lines": []}, "show_towers_cli": {"executed_lines": [410, 411, 412, 413, 414], "summary": {"covered_lines": 5, "num_statements": 5, "percent_covered": 100.0, "percent_covered_display": "100.00", "missing_lines": 0, "excluded_lines": 0, "percent_statements_covered": 100.0, "percent_statements_covered_display": "100.00"}, "missing_lines": [], "excluded_lines": []}, "show_matrix_cli": {"executed_lines": [432, 433, 434, 435, 436], "summary": {"covered_lines": 5, "num_statements": 5, "percent_covered": 100.0, "percent_covered_display": "100.00", "missing_lines": 0, "excluded_lines": 0, "percent_statements_covered": 100.0, "percent_statements_covered_display": "100.00"}, "missing_lines": [], "excluded_lines": []}, "audit_group": {"executed_lines": [452, 453], "summary": {"covered_lines": 2, "num_statements": 2, "percent_covered": 100.0, "percent_covered_display": "100.00", "missing_lines": 0, "excluded_lines": 0, "percent_statements_covered": 100.0, "percent_statements_covered_display": "100.00"}, "missing_lines": [], "excluded_lines": []}, "audit_coverage_cli": {"executed_lines": [471, 472, 473, 474, 475], "summary": {"covered_lines": 5, "num_statements": 5, "percent_covered": 100.0, "percent_covered_display": "100.00", "missing_lines": 0, "excluded_lines": 0, "percent_statements_covered": 100.0, "percent_statements_covered_display": "100.00"}, "missing_lines": [], "excluded_lines": []}, "": {"executed_lines": [1, 3, 4, 5, 7, 9, 10, 13, 14, 16, 18, 25, 28, 40, 41, 53, 54, 55, 62, 72, 79, 80, 81, 87, 88, 89, 98, 99, 100, 101, 102, 125, 126, 127, 128, 129, 137, 138, 139, 140, 141, 149, 150, 151, 152, 153, 161, 162, 163, 164, 165, 182, 183, 184, 185, 186, 208, 209, 210, 211, 212, 230, 231, 232, 233, 234, 252, 253, 254, 255, 256, 275, 276, 277, 278, 279, 300, 301, 302, 303, 304, 313, 314, 315, 316, 317, 326, 327, 328, 329, 330, 347, 348, 349, 350, 351, 369, 370, 371, 372, 373, 374, 393, 394, 395, 396, 397, 398, 417, 418, 419, 420, 421, 440, 441, 442, 443, 456, 457, 458, 459, 460, 478], "summary": {"covered_lines": 121, "num_statements": 122, "percent_covered": 99.18032786885246, "percent_covered_display": "99.18", "missing_lines": 1, "excluded_lines": 0, "percent_statements_covered": 99.18032786885246, "percent_statements_covered_display": "99.18"}, "missing_lines": [479], "excluded_lines": []}}, "classes": {"OrderedGroup": {"executed_lines": [20, 21, 22], "summary": {"covered_lines": 3, "num_statements": 3, "percent_covered": 100.0, "percent_covered_display": "100.00", "missing_lines": 0, "excluded_lines": 0, "percent_statements_covered": 100.0, "percent_statements_covered_display": "100.00"}, "missing_lines": [], "excluded_lines": []}, "": {"executed_lines": [1, 3, 4, 5, 7, 9, 10, 13, 14, 16, 18, 25, 28, 30, 31, 32, 33, 34, 35, 36, 37, 40, 41, 50, 53, 54, 55, 62, 72, 79, 80, 81, 87, 88, 89, 91, 92, 93, 94, 98, 99, 100, 101, 102, 117, 119, 120, 121, 122, 125, 126, 127, 128, 129, 131, 132, 133, 134, 137, 138, 139, 140, 141, 143, 144, 145, 146, 149, 150, 151, 152, 153, 155, 156, 157, 158, 161, 162, 163, 164, 165, 176, 177, 178, 179, 182, 183, 184, 185, 186, 200, 201, 202, 203, 204, 205, 208, 209, 210, 211, 212, 223, 224, 225, 226, 227, 230, 231, 232, 233, 234, 245, 246, 247, 248, 249, 252, 253, 254, 255, 256, 267, 268, 269, 270, 271, 275, 276, 277, 278, 279, 291, 293, 294, 295, 296, 297, 300, 301, 302, 303, 304, 306, 307, 308, 309, 310, 313, 314, 315, 316, 317, 319, 320, 321, 322, 323, 326, 327, 328, 329, 330, 340, 341, 342, 343, 344, 347, 348, 349, 350, 351, 362, 363, 364, 365, 366, 369, 370, 371, 372, 373, 374, 386, 387, 388, 389, 390, 393, 394, 395, 396, 397, 398, 410, 411, 412, 413, 414, 417, 418, 419, 420, 421, 432, 433, 434, 435, 436, 440, 441, 442, 443, 452, 453, 456, 457, 458, 459, 460, 471, 472, 473, 474, 475, 478], "summary": {"covered_lines": 224, "num_statements": 225, "percent_covered": 99.55555555555556, "percent_covered_display": "99.56", "missing_lines": 1, "excluded_lines": 0, "percent_statements_covered": 99.55555555555556, "percent_statements_covered_display": "99.56"}, "missing_lines": [479], "excluded_lines": []}}}, "src/jig/cli/output.py": {"executed_lines": [1, 9, 10, 11, 13, 15, 17, 20, 21, 22, 30, 31, 32, 35, 36, 58, 65, 72, 79, 80, 81, 83, 86, 87, 103, 104, 109, 110, 111, 112, 113, 116], "summary": {"covered_lines": 30, "num_statements": 30, "percent_covered": 100.0, "percent_covered_display": "100.00", "missing_lines": 0, "excluded_lines": 1, "percent_statements_covered": 100.0, "percent_statements_covered_display": "100.00"}, "missing_lines": [], "excluded_lines": [37], "functions": {"add_output_options": {"executed_lines": [58, 65, 72, 79, 80, 83], "summary": {"covered_lines": 6, "num_statements": 6, "percent_covered": 100.0, "percent_covered_display": "100.00", "missing_lines": 0, "excluded_lines": 1, "percent_statements_covered": 100.0, "percent_statements_covered_display": "100.00"}, "missing_lines": [], "excluded_lines": [37]}, "add_output_options.wrapper": {"executed_lines": [81], "summary": {"covered_lines": 1, "num_statements": 1, "percent_covered": 100.0, "percent_covered_display": "100.00", "missing_lines": 0, "excluded_lines": 0, "percent_statements_covered": 100.0, "percent_statements_covered_display": "100.00"}, "missing_lines": [], "excluded_lines": []}, "resolve_format": {"executed_lines": [103, 104, 109, 110, 111, 112, 113], "summary": {"covered_lines": 7, "num_statements": 7, "percent_covered": 100.0, "percent_covered_display": "100.00", "missing_lines": 0, "excluded_lines": 0, "percent_statements_covered": 100.0, "percent_statements_covered_display": "100.00"}, "missing_lines": [], "excluded_lines": []}, "": {"executed_lines": [1, 9, 10, 11, 13, 15, 17, 20, 21, 22, 30, 31, 32, 35, 36, 86, 87, 116], "summary": {"covered_lines": 16, "num_statements": 16, "percent_covered": 100.0, "percent_covered_display": "100.00", "missing_lines": 0, "excluded_lines": 0, "percent_statements_covered": 100.0, "percent_statements_covered_display": "100.00"}, "missing_lines": [], "excluded_lines": []}}, "classes": {"OutputFormat": {"executed_lines": [], "summary": {"covered_lines": 0, "num_statements": 0, "percent_covered": 100.0, "percent_covered_display": "100.00", "missing_lines": 0, "excluded_lines": 0, "percent_statements_covered": 100.0, "percent_statements_covered_display": "100.00"}, "missing_lines": [], "excluded_lines": []}, "": {"executed_lines": [1, 9, 10, 11, 13, 15, 17, 20, 21, 22, 30, 31, 32, 35, 36, 58, 65, 72, 79, 80, 81, 83, 86, 87, 103, 104, 109, 110, 111, 112, 113, 116], "summary": {"covered_lines": 30, "num_statements": 30, "percent_covered": 100.0, "percent_covered_display": "100.00", "missing_lines": 0, "excluded_lines": 1, "percent_statements_covered": 100.0, "percent_statements_covered_display": "100.00"}, "missing_lines": [], "excluded_lines": [37]}}}, "src/jig/cli/rebuild.py": {"executed_lines": [1, 3, 4, 5, 6, 8, 10, 11, 12, 13, 14, 17, 34, 39, 40, 41, 44, 61, 62, 63, 64, 66, 67, 68, 69, 71, 72, 73, 74, 75, 76, 77, 78, 79, 82, 85, 86, 101, 102, 104, 106, 107, 110, 113, 116, 118, 129, 130, 132, 133, 134, 135, 137, 139, 142, 143, 158, 160, 162, 163, 165, 169, 175, 182, 183, 185, 186, 187, 188, 190, 192, 195, 196, 211, 213, 215, 216, 218, 221, 223, 231, 232, 234, 235, 236, 237, 239, 241, 244, 245, 260, 261, 262, 263, 265, 266, 269, 270, 271, 274, 275, 278, 279, 282, 286, 290, 291, 292, 302, 305, 306, 307, 314, 317, 318, 323, 329, 331, 333, 334, 335, 336, 338, 341, 360, 367, 368, 369, 372, 391, 392, 393, 394, 395, 397, 398, 399, 400, 401, 403, 404, 405, 406, 407, 408, 410, 411, 412, 413, 415, 416, 417, 418, 419, 420, 421, 422, 424, 427, 428, 443, 444, 445, 446, 447, 451, 453, 454, 455, 457, 458, 461, 465, 466, 467, 468, 478, 479, 480, 487, 488, 489, 490, 497, 498, 499, 506, 507, 508, 513, 519, 521, 522, 523, 524, 525, 526, 533, 534, 537, 538, 540, 541, 542, 543, 544, 545, 546, 547, 550, 551, 552, 554, 555, 556, 558, 559, 562, 563, 564, 565, 566, 567, 568, 570, 572, 573, 574, 575, 576, 577, 578, 579, 589, 590, 595, 596, 598, 606, 607, 608, 609, 610, 611, 612, 613, 614, 615, 617, 620, 622, 624, 628, 629, 630, 634, 635, 636, 637, 638, 639, 640, 643, 646, 648, 650, 654, 655, 656, 660, 661, 662, 663, 664, 665, 669], "summary": {"covered_lines": 275, "num_statements": 307, "percent_covered": 89.57654723127035, "percent_covered_display": "89.58", "missing_lines": 32, "excluded_lines": 0, "percent_statements_covered": 89.57654723127035, "percent_statements_covered_display": "89.58"}, "missing_lines": [80, 111, 272, 276, 280, 287, 462, 481, 482, 483, 484, 500, 501, 502, 503, 527, 528, 529, 530, 548, 581, 582, 583, 584, 586, 587, 591, 625, 641, 651, 666, 667], "excluded_lines": [], "functions": {"_format_rebuild_json": {"executed_lines": [34, 39, 40, 41], "summary": {"covered_lines": 4, "num_statements": 4, "percent_covered": 100.0, "percent_covered_display": "100.00", "missing_lines": 0, "excluded_lines": 0, "percent_statements_covered": 100.0, "percent_statements_covered_display": "100.00"}, "missing_lines": [], "excluded_lines": []}, "_format_rebuild_markdown": {"executed_lines": [61, 62, 63, 64, 66, 67, 68, 69, 71, 72, 73, 74, 75, 76, 77, 78, 79, 82], "summary": {"covered_lines": 18, "num_statements": 19, "percent_covered": 94.73684210526316, "percent_covered_display": "94.74", "missing_lines": 1, "excluded_lines": 0, "percent_statements_covered": 94.73684210526316, "percent_statements_covered_display": "94.74"}, "missing_lines": [80], "excluded_lines": []}, "rebuild_impl_command": {"executed_lines": [101, 102, 104, 106, 107, 110, 113, 116, 118, 129, 130, 132, 133, 134, 135, 137, 139], "summary": {"covered_lines": 17, "num_statements": 18, "percent_covered": 94.44444444444444, "percent_covered_display": "94.44", "missing_lines": 1, "excluded_lines": 0, "percent_statements_covered": 94.44444444444444, "percent_statements_covered_display": "94.44"}, "missing_lines": [111], "excluded_lines": []}, "rebuild_intent_command": {"executed_lines": [158, 160, 162, 163, 165, 169, 175, 182, 183, 185, 186, 187, 188, 190, 192], "summary": {"covered_lines": 15, "num_statements": 15, "percent_covered": 100.0, "percent_covered_display": "100.00", "missing_lines": 0, "excluded_lines": 0, "percent_statements_covered": 100.0, "percent_statements_covered_display": "100.00"}, "missing_lines": [], "excluded_lines": []}, "rebuild_verify_command": {"executed_lines": [211, 213, 215, 216, 218, 221, 223, 231, 232, 234, 235, 236, 237, 239, 241], "summary": {"covered_lines": 15, "num_statements": 15, "percent_covered": 100.0, "percent_covered_display": "100.00", "missing_lines": 0, "excluded_lines": 0, "percent_statements_covered": 100.0, "percent_statements_covered_display": "100.00"}, "missing_lines": [], "excluded_lines": []}, "rebuild_all_command": {"executed_lines": [260, 261, 262, 263, 265, 266, 269, 270, 271, 274, 275, 278, 279, 282, 286, 290, 291, 292, 302, 305, 306, 307, 314, 317, 318, 323, 329, 331, 333, 334, 335, 336, 338], "summary": {"covered_lines": 33, "num_statements": 37, "percent_covered": 89.1891891891892, "percent_covered_display": "89.19", "missing_lines": 4, "excluded_lines": 0, "percent_statements_covered": 89.1891891891892, "percent_statements_covered_display": "89.19"}, "missing_lines": [272, 276, 280, 287], "excluded_lines": []}, "_format_align_json": {"executed_lines": [360, 367, 368, 369], "summary": {"covered_lines": 4, "num_statements": 4, "percent_covered": 100.0, "percent_covered_display": "100.00", "missing_lines": 0, "excluded_lines": 0, "percent_statements_covered": 100.0, "percent_statements_covered_display": "100.00"}, "missing_lines": [], "excluded_lines": []}, "_format_align_markdown": {"executed_lines": [391, 392, 393, 394, 395, 397, 398, 399, 400, 401, 403, 404, 405, 406, 407, 408, 410, 411, 412, 413, 415, 416, 417, 418, 419, 420, 421, 422, 424], "summary": {"covered_lines": 29, "num_statements": 29, "percent_covered": 100.0, "percent_covered_display": "100.00", "missing_lines": 0, "excluded_lines": 0, "percent_statements_covered": 100.0, "percent_statements_covered_display": "100.00"}, "missing_lines": [], "excluded_lines": []}, "align_command": {"executed_lines": [443, 444, 445, 446, 447, 451, 453, 454, 455, 457, 458, 461, 465, 466, 467, 468, 478, 479, 480, 487, 488, 489, 490, 497, 498, 499, 506, 507, 508, 513, 519, 521, 522, 523, 524, 525, 526, 533, 534, 537, 538, 540, 541, 542, 543, 544, 545, 546, 547, 550, 551, 552, 554, 555, 556, 558, 559, 562, 563, 564, 565, 566, 567, 568, 570, 572, 573, 574, 575, 576, 577, 578, 579, 589, 590, 595, 596, 598, 606, 607, 608, 609, 610, 611, 612, 613, 614, 615, 617], "summary": {"covered_lines": 89, "num_statements": 110, "percent_covered": 80.9090909090909, "percent_covered_display": "80.91", "missing_lines": 21, "excluded_lines": 0, "percent_statements_covered": 80.9090909090909, "percent_statements_covered_display": "80.91"}, "missing_lines": [462, 481, 482, 483, 484, 500, 501, 502, 503, 527, 528, 529, 530, 548, 581, 582, 583, 584, 586, 587, 591], "excluded_lines": []}, "_count_implemented_specs": {"executed_lines": [622, 624, 628, 629, 630, 634, 635, 636, 637, 638, 639, 640, 643], "summary": {"covered_lines": 13, "num_statements": 15, "percent_covered": 86.66666666666667, "percent_covered_display": "86.67", "missing_lines": 2, "excluded_lines": 0, "percent_statements_covered": 86.66666666666667, "percent_statements_covered_display": "86.67"}, "missing_lines": [625, 641], "excluded_lines": []}, "_count_verified_specs": {"executed_lines": [648, 650, 654, 655, 656, 660, 661, 662, 663, 664, 665, 669], "summary": {"covered_lines": 12, "num_statements": 15, "percent_covered": 80.0, "percent_covered_display": "80.00", "missing_lines": 3, "excluded_lines": 0, "percent_statements_covered": 80.0, "percent_statements_covered_display": "80.00"}, "missing_lines": [651, 666, 667], "excluded_lines": []}, "": {"executed_lines": [1, 3, 4, 5, 6, 8, 10, 11, 12, 13, 14, 17, 44, 85, 86, 142, 143, 195, 196, 244, 245, 341, 372, 427, 428, 620, 646], "summary": {"covered_lines": 26, "num_statements": 26, "percent_covered": 100.0, "percent_covered_display": "100.00", "missing_lines": 0, "excluded_lines": 0, "percent_statements_covered": 100.0, "percent_statements_covered_display": "100.00"}, "missing_lines": [], "excluded_lines": []}}, "classes": {"": {"executed_lines": [1, 3, 4, 5, 6, 8, 10, 11, 12, 13, 14, 17, 34, 39, 40, 41, 44, 61, 62, 63, 64, 66, 67, 68, 69, 71, 72, 73, 74, 75, 76, 77, 78, 79, 82, 85, 86, 101, 102, 104, 106, 107, 110, 113, 116, 118, 129, 130, 132, 133, 134, 135, 137, 139, 142, 143, 158, 160, 162, 163, 165, 169, 175, 182, 183, 185, 186, 187, 188, 190, 192, 195, 196, 211, 213, 215, 216, 218, 221, 223, 231, 232, 234, 235, 236, 237, 239, 241, 244, 245, 260, 261, 262, 263, 265, 266, 269, 270, 271, 274, 275, 278, 279, 282, 286, 290, 291, 292, 302, 305, 306, 307, 314, 317, 318, 323, 329, 331, 333, 334, 335, 336, 338, 341, 360, 367, 368, 369, 372, 391, 392, 393, 394, 395, 397, 398, 399, 400, 401, 403, 404, 405, 406, 407, 408, 410, 411, 412, 413, 415, 416, 417, 418, 419, 420, 421, 422, 424, 427, 428, 443, 444, 445, 446, 447, 451, 453, 454, 455, 457, 458, 461, 465, 466, 467, 468, 478, 479, 480, 487, 488, 489, 490, 497, 498, 499, 506, 507, 508, 513, 519, 521, 522, 523, 524, 525, 526, 533, 534, 537, 538, 540, 541, 542, 543, 544, 545, 546, 547, 550, 551, 552, 554, 555, 556, 558, 559, 562, 563, 564, 565, 566, 567, 568, 570, 572, 573, 574, 575, 576, 577, 578, 579, 589, 590, 595, 596, 598, 606, 607, 608, 609, 610, 611, 612, 613, 614, 615, 617, 620, 622, 624, 628, 629, 630, 634, 635, 636, 637, 638, 639, 640, 643, 646, 648, 650, 654, 655, 656, 660, 661, 662, 663, 664, 665, 669], "summary": {"covered_lines": 275, "num_statements": 307, "percent_covered": 89.57654723127035, "percent_covered_display": "89.58", "missing_lines": 32, "excluded_lines": 0, "percent_statements_covered": 89.57654723127035, "percent_statements_covered_display": "89.58"}, "missing_lines": [80, 111, 272, 276, 280, 287, 462, 481, 482, 483, 484, 500, 501, 502, 503, 527, 528, 529, 530, 548, 581, 582, 583, 584, 586, 587, 591, 625, 641, 651, 666, 667], "excluded_lines": []}}}, "src/jig/cli/show.py": {"executed_lines": [1, 3, 4, 5, 6, 8, 9, 11, 12, 13, 14, 17, 26, 27, 28, 29, 30, 31, 32, 38, 49, 50, 53, 55, 56, 57, 58, 65, 74, 75, 77, 78, 79, 80, 81, 90, 91, 109, 111, 114, 116, 117, 118, 120, 123, 124, 127, 128, 129, 130, 132, 134, 158, 159, 161, 162, 163, 164, 165, 166, 167, 168, 169, 170, 171, 172, 173, 174, 175, 176, 177, 178, 179, 180, 181, 182, 185, 186, 187, 190, 191, 192, 193, 194, 195, 196, 197, 198, 199, 200, 203, 206, 207, 208, 209, 210, 212, 215, 216, 234, 236, 237, 238, 240, 241, 242, 244, 247, 248, 251, 252, 253, 255, 256, 257, 258, 259, 262, 263, 264, 266, 267, 268, 269, 270, 271, 272, 273, 274, 279, 280, 281, 282, 284, 285, 303, 304, 305, 306, 307, 308, 309, 310, 311, 312, 313, 314, 315, 316, 317, 318, 319, 320, 321, 322, 325, 326, 327, 329, 330, 331, 333, 334, 336, 337, 338, 339, 342, 343, 344, 346, 347, 348, 349, 350, 353, 355, 358, 359, 377, 379, 380, 382, 383, 392, 393, 409, 410, 411, 412, 413, 414, 415, 416, 418, 419, 420, 422, 423, 424, 425, 426, 427, 428, 429, 430, 431, 432, 433, 434, 437, 438, 439, 441, 442, 443, 444, 445, 447, 448, 449, 452, 453, 454, 456, 461, 462, 463, 464, 467, 469, 472, 473, 490, 492, 503, 504, 505, 506, 509, 510, 511, 512, 513, 514, 516, 517, 524, 525, 526, 527, 528, 529, 530, 531, 532, 533, 534, 535, 536, 537, 538, 539, 540, 541, 542, 543, 544, 547, 548, 549, 552, 553, 554, 555, 556, 559, 560, 561, 562, 563, 564, 566, 572, 575, 576, 593, 595, 597, 598, 600, 610, 611, 612, 613, 619, 620, 621, 622, 623, 624, 626, 627, 628, 629, 630, 631, 636, 637, 638, 639, 640, 642, 643, 656, 657, 658, 659, 660, 661, 662, 663, 664, 665, 666, 667, 669, 670, 672, 673, 674, 677, 678, 679, 681, 682, 683, 686, 687, 689, 690, 692, 694, 695, 697, 699, 701, 704, 705, 724, 726, 728, 729, 731, 741, 742, 743, 744, 747, 749, 751, 761, 777, 778, 779, 780, 781, 782, 783, 784, 785, 786, 787, 788, 789, 790, 791, 794, 796, 797, 802, 806, 807, 808, 810, 811, 812, 813, 815, 835, 853, 854, 855, 856, 857, 858, 859, 860, 861, 862, 863, 864, 865, 871, 872, 875, 876, 889, 890, 891, 895, 896, 897, 898, 899, 900, 901, 902, 903, 904, 905, 906, 907, 908, 909, 910, 911, 912, 913, 914, 915, 916, 917, 918, 919, 920, 922, 923, 924, 925, 926, 927, 928, 929, 930, 931, 932, 933, 934, 935, 936, 937, 938, 939, 940, 942, 945, 946, 963, 965, 967, 968, 970, 980, 981, 982, 984, 985, 986, 987, 989, 990, 991, 994, 995, 996, 1002, 1009, 1010, 1011, 1012, 1013, 1014, 1017, 1018, 1020, 1021, 1022, 1023, 1024, 1025, 1026, 1030, 1032, 1039, 1040, 1041, 1050, 1051, 1052, 1055, 1056, 1057, 1058, 1060, 1061, 1062, 1063, 1065, 1066, 1067, 1068, 1069, 1070, 1072, 1073, 1074, 1076, 1079, 1080, 1081, 1083, 1085, 1086, 1087, 1090, 1091, 1092, 1093, 1094, 1097, 1098, 1099, 1100, 1101, 1102, 1104, 1105, 1106, 1109, 1110, 1111, 1112, 1114, 1117, 1118, 1137, 1139, 1150, 1151, 1161, 1237, 1238, 1239, 1240, 1249, 1250, 1251, 1252, 1253, 1254, 1255, 1256, 1257, 1258, 1259, 1260, 1261, 1262, 1265, 1266, 1267, 1269, 1270, 1271, 1272, 1273, 1274, 1275, 1276, 1278], "summary": {"covered_lines": 580, "num_statements": 763, "percent_covered": 76.01572739187418, "percent_covered_display": "76.02", "missing_lines": 183, "excluded_lines": 0, "percent_statements_covered": 76.01572739187418, "percent_statements_covered_display": "76.02"}, "missing_lines": [33, 34, 35, 59, 60, 62, 82, 83, 85, 86, 87, 119, 121, 201, 243, 245, 265, 275, 276, 351, 384, 385, 386, 387, 389, 390, 465, 493, 494, 495, 496, 498, 499, 500, 568, 569, 570, 601, 602, 603, 604, 606, 607, 614, 615, 616, 625, 632, 633, 668, 693, 732, 733, 734, 735, 737, 738, 752, 753, 754, 755, 760, 762, 763, 764, 765, 766, 767, 768, 769, 770, 771, 772, 773, 774, 775, 798, 803, 804, 816, 834, 836, 837, 838, 839, 840, 841, 842, 843, 844, 845, 846, 847, 848, 849, 850, 851, 866, 867, 868, 869, 870, 971, 972, 973, 974, 976, 977, 997, 1001, 1003, 1004, 1005, 1006, 1007, 1140, 1141, 1142, 1143, 1145, 1146, 1147, 1152, 1153, 1154, 1155, 1157, 1158, 1162, 1163, 1164, 1165, 1166, 1167, 1169, 1170, 1171, 1172, 1173, 1175, 1176, 1179, 1180, 1181, 1183, 1184, 1192, 1193, 1194, 1195, 1196, 1197, 1198, 1199, 1200, 1201, 1202, 1203, 1204, 1205, 1206, 1207, 1208, 1209, 1210, 1213, 1214, 1215, 1216, 1217, 1218, 1219, 1221, 1222, 1224, 1225, 1227, 1228, 1229, 1230, 1232, 1233, 1234], "excluded_lines": [], "functions": {"_load_yaml_frontmatter": {"executed_lines": [26, 27, 28, 29, 30, 31, 32], "summary": {"covered_lines": 7, "num_statements": 10, "percent_covered": 70.0, "percent_covered_display": "70.00", "missing_lines": 3, "excluded_lines": 0, "percent_statements_covered": 70.0, "percent_statements_covered_display": "70.00"}, "missing_lines": [33, 34, 35], "excluded_lines": []}, "_extract_goal_headers": {"executed_lines": [49, 50], "summary": {"covered_lines": 2, "num_statements": 2, "percent_covered": 100.0, "percent_covered_display": "100.00", "missing_lines": 0, "excluded_lines": 0, "percent_statements_covered": 100.0, "percent_statements_covered_display": "100.00"}, "missing_lines": [], "excluded_lines": []}, "_get_layer_name": {"executed_lines": [55, 56, 57, 58], "summary": {"covered_lines": 4, "num_statements": 7, "percent_covered": 57.142857142857146, "percent_covered_display": "57.14", "missing_lines": 3, "excluded_lines": 0, "percent_statements_covered": 57.142857142857146, "percent_statements_covered_display": "57.14"}, "missing_lines": [59, 60, 62], "excluded_lines": []}, "_load_bricks": {"executed_lines": [74, 75, 77, 78, 79, 80, 81], "summary": {"covered_lines": 7, "num_statements": 12, "percent_covered": 58.333333333333336, "percent_covered_display": "58.33", "missing_lines": 5, "excluded_lines": 0, "percent_statements_covered": 58.333333333333336, "percent_statements_covered_display": "58.33"}, "missing_lines": [82, 83, 85, 86, 87], "excluded_lines": []}, "show_overview_command": {"executed_lines": [109, 111, 114, 116, 117, 118, 120, 123, 124, 127, 128, 129, 130, 132, 134, 158, 159, 161, 162, 163, 164, 165, 166, 167, 168, 169, 170, 171, 172, 173, 174, 175, 176, 177, 178, 179, 180, 181, 182, 185, 186, 187, 190, 191, 192, 193, 194, 195, 196, 197, 198, 199, 200, 203, 206, 207, 208, 209, 210, 212], "summary": {"covered_lines": 60, "num_statements": 63, "percent_covered": 95.23809523809524, "percent_covered_display": "95.24", "missing_lines": 3, "excluded_lines": 0, "percent_statements_covered": 95.23809523809524, "percent_statements_covered_display": "95.24"}, "missing_lines": [119, 121, 201], "excluded_lines": []}, "show_layers_command": {"executed_lines": [234, 236, 237, 238, 240, 241, 242, 244, 247, 248, 251, 252, 253, 255, 256, 257, 258, 259, 262, 263, 264, 266, 267, 268, 269, 270, 271, 272, 273, 274, 279, 280, 281, 282, 284, 285, 303, 304, 305, 306, 307, 308, 309, 310, 311, 312, 313, 314, 315, 316, 317, 318, 319, 320, 321, 322, 325, 326, 327, 329, 330, 331, 333, 334, 336, 337, 338, 339, 342, 343, 344, 346, 347, 348, 349, 350, 353, 355], "summary": {"covered_lines": 78, "num_statements": 84, "percent_covered": 92.85714285714286, "percent_covered_display": "92.86", "missing_lines": 6, "excluded_lines": 0, "percent_statements_covered": 92.85714285714286, "percent_statements_covered_display": "92.86"}, "missing_lines": [243, 245, 265, 275, 276, 351], "excluded_lines": []}, "show_bricks_command": {"executed_lines": [377, 379, 380, 382, 383, 392, 393, 409, 410, 411, 412, 413, 414, 415, 416, 418, 419, 420, 422, 423, 424, 425, 426, 427, 428, 429, 430, 431, 432, 433, 434, 437, 438, 439, 441, 442, 443, 444, 445, 447, 448, 449, 452, 453, 454, 456, 461, 462, 463, 464, 467, 469], "summary": {"covered_lines": 52, "num_statements": 59, "percent_covered": 88.13559322033899, "percent_covered_display": "88.14", "missing_lines": 7, "excluded_lines": 0, "percent_statements_covered": 88.13559322033899, "percent_statements_covered_display": "88.14"}, "missing_lines": [384, 385, 386, 387, 389, 390, 465], "excluded_lines": []}, "show_charter_command": {"executed_lines": [490, 492, 503, 504, 505, 506, 509, 510, 511, 512, 513, 514, 516, 517, 524, 525, 526, 527, 528, 529, 530, 531, 532, 533, 534, 535, 536, 537, 538, 539, 540, 541, 542, 543, 544, 547, 548, 549, 552, 553, 554, 555, 556, 559, 560, 561, 562, 563, 564, 566, 572], "summary": {"covered_lines": 51, "num_statements": 61, "percent_covered": 83.60655737704919, "percent_covered_display": "83.61", "missing_lines": 10, "excluded_lines": 0, "percent_statements_covered": 83.60655737704919, "percent_statements_covered_display": "83.61"}, "missing_lines": [493, 494, 495, 496, 498, 499, 500, 568, 569, 570], "excluded_lines": []}, "show_goals_command": {"executed_lines": [593, 595, 597, 598, 600, 610, 611, 612, 613, 619, 620, 621, 622, 623, 624, 626, 627, 628, 629, 630, 631, 636, 637, 638, 639, 640, 642, 643, 656, 657, 658, 659, 660, 661, 662, 663, 664, 665, 666, 667, 669, 670, 672, 673, 674, 677, 678, 679, 681, 682, 683, 686, 687, 689, 690, 692, 694, 695, 697, 699, 701], "summary": {"covered_lines": 61, "num_statements": 75, "percent_covered": 81.33333333333333, "percent_covered_display": "81.33", "missing_lines": 14, "excluded_lines": 0, "percent_statements_covered": 81.33333333333333, "percent_statements_covered_display": "81.33"}, "missing_lines": [601, 602, 603, 604, 606, 607, 614, 615, 616, 625, 632, 633, 668, 693], "excluded_lines": []}, "show_towers_command": {"executed_lines": [724, 726, 728, 729, 731, 741, 742, 743, 744, 747, 749, 751, 761, 777, 778, 779, 780, 781, 782, 783, 784, 785, 786, 787, 788, 789, 790, 791, 794, 796, 797, 802, 806, 807, 808, 810, 811, 812, 813, 815, 835, 853, 854, 855, 856, 857, 858, 859, 860, 861, 862, 863, 864, 865, 871, 872, 875, 876, 889, 890, 891, 895, 896, 897, 898, 899, 900, 901, 902, 903, 904, 905, 906, 907, 908, 909, 910, 911, 912, 913, 914, 915, 916, 917, 918, 919, 920, 922, 923, 924, 925, 926, 927, 928, 929, 930, 931, 932, 933, 934, 935, 936, 937, 938, 939, 940, 942], "summary": {"covered_lines": 107, "num_statements": 158, "percent_covered": 67.72151898734177, "percent_covered_display": "67.72", "missing_lines": 51, "excluded_lines": 0, "percent_statements_covered": 67.72151898734177, "percent_statements_covered_display": "67.72"}, "missing_lines": [732, 733, 734, 735, 737, 738, 752, 753, 754, 755, 760, 762, 763, 764, 765, 766, 767, 768, 769, 770, 771, 772, 773, 774, 775, 798, 803, 804, 816, 834, 836, 837, 838, 839, 840, 841, 842, 843, 844, 845, 846, 847, 848, 849, 850, 851, 866, 867, 868, 869, 870], "excluded_lines": []}, "show_matrix_command": {"executed_lines": [963, 965, 967, 968, 970, 980, 981, 982, 984, 985, 986, 987, 989, 990, 991, 994, 995, 996, 1002, 1009, 1010, 1011, 1012, 1013, 1014, 1017, 1018, 1020, 1021, 1022, 1023, 1024, 1025, 1026, 1030, 1032, 1039, 1040, 1041, 1050, 1051, 1052, 1055, 1056, 1057, 1058, 1060, 1061, 1062, 1063, 1065, 1066, 1067, 1068, 1069, 1070, 1072, 1073, 1074, 1076, 1079, 1080, 1081, 1083, 1085, 1086, 1087, 1090, 1091, 1092, 1093, 1094, 1097, 1098, 1099, 1100, 1101, 1102, 1104, 1105, 1106, 1109, 1110, 1111, 1112, 1114], "summary": {"covered_lines": 86, "num_statements": 99, "percent_covered": 86.86868686868686, "percent_covered_display": "86.87", "missing_lines": 13, "excluded_lines": 0, "percent_statements_covered": 86.86868686868686, "percent_statements_covered_display": "86.87"}, "missing_lines": [971, 972, 973, 974, 976, 977, 997, 1001, 1003, 1004, 1005, 1006, 1007], "excluded_lines": []}, "show_architecture_command": {"executed_lines": [1137, 1139, 1150, 1151, 1161, 1237, 1238, 1239, 1240, 1249, 1250, 1251, 1252, 1253, 1254, 1255, 1256, 1257, 1258, 1259, 1260, 1261, 1262, 1265, 1266, 1267, 1269, 1270, 1271, 1272, 1273, 1274, 1275, 1276, 1278], "summary": {"covered_lines": 35, "num_statements": 103, "percent_covered": 33.980582524271846, "percent_covered_display": "33.98", "missing_lines": 68, "excluded_lines": 0, "percent_statements_covered": 33.980582524271846, "percent_statements_covered_display": "33.98"}, "missing_lines": [1140, 1141, 1142, 1143, 1145, 1146, 1147, 1152, 1153, 1154, 1155, 1157, 1158, 1162, 1163, 1164, 1165, 1166, 1167, 1169, 1170, 1171, 1172, 1173, 1175, 1176, 1179, 1180, 1181, 1183, 1184, 1192, 1193, 1194, 1195, 1196, 1197, 1198, 1199, 1200, 1201, 1202, 1203, 1204, 1205, 1206, 1207, 1208, 1209, 1210, 1213, 1214, 1215, 1216, 1217, 1218, 1219, 1221, 1222, 1224, 1225, 1227, 1228, 1229, 1230, 1232, 1233, 1234], "excluded_lines": []}, "": {"executed_lines": [1, 3, 4, 5, 6, 8, 9, 11, 12, 13, 14, 17, 38, 53, 65, 90, 91, 215, 216, 358, 359, 472, 473, 575, 576, 704, 705, 945, 946, 1117, 1118], "summary": {"covered_lines": 30, "num_statements": 30, "percent_covered": 100.0, "percent_covered_display": "100.00", "missing_lines": 0, "excluded_lines": 0, "percent_statements_covered": 100.0, "percent_statements_covered_display": "100.00"}, "missing_lines": [], "excluded_lines": []}}, "classes": {"": {"executed_lines": [1, 3, 4, 5, 6, 8, 9, 11, 12, 13, 14, 17, 26, 27, 28, 29, 30, 31, 32, 38, 49, 50, 53, 55, 56, 57, 58, 65, 74, 75, 77, 78, 79, 80, 81, 90, 91, 109, 111, 114, 116, 117, 118, 120, 123, 124, 127, 128, 129, 130, 132, 134, 158, 159, 161, 162, 163, 164, 165, 166, 167, 168, 169, 170, 171, 172, 173, 174, 175, 176, 177, 178, 179, 180, 181, 182, 185, 186, 187, 190, 191, 192, 193, 194, 195, 196, 197, 198, 199, 200, 203, 206, 207, 208, 209, 210, 212, 215, 216, 234, 236, 237, 238, 240, 241, 242, 244, 247, 248, 251, 252, 253, 255, 256, 257, 258, 259, 262, 263, 264, 266, 267, 268, 269, 270, 271, 272, 273, 274, 279, 280, 281, 282, 284, 285, 303, 304, 305, 306, 307, 308, 309, 310, 311, 312, 313, 314, 315, 316, 317, 318, 319, 320, 321, 322, 325, 326, 327, 329, 330, 331, 333, 334, 336, 337, 338, 339, 342, 343, 344, 346, 347, 348, 349, 350, 353, 355, 358, 359, 377, 379, 380, 382, 383, 392, 393, 409, 410, 411, 412, 413, 414, 415, 416, 418, 419, 420, 422, 423, 424, 425, 426, 427, 428, 429, 430, 431, 432, 433, 434, 437, 438, 439, 441, 442, 443, 444, 445, 447, 448, 449, 452, 453, 454, 456, 461, 462, 463, 464, 467, 469, 472, 473, 490, 492, 503, 504, 505, 506, 509, 510, 511, 512, 513, 514, 516, 517, 524, 525, 526, 527, 528, 529, 530, 531, 532, 533, 534, 535, 536, 537, 538, 539, 540, 541, 542, 543, 544, 547, 548, 549, 552, 553, 554, 555, 556, 559, 560, 561, 562, 563, 564, 566, 572, 575, 576, 593, 595, 597, 598, 600, 610, 611, 612, 613, 619, 620, 621, 622, 623, 624, 626, 627, 628, 629, 630, 631, 636, 637, 638, 639, 640, 642, 643, 656, 657, 658, 659, 660, 661, 662, 663, 664, 665, 666, 667, 669, 670, 672, 673, 674, 677, 678, 679, 681, 682, 683, 686, 687, 689, 690, 692, 694, 695, 697, 699, 701, 704, 705, 724, 726, 728, 729, 731, 741, 742, 743, 744, 747, 749, 751, 761, 777, 778, 779, 780, 781, 782, 783, 784, 785, 786, 787, 788, 789, 790, 791, 794, 796, 797, 802, 806, 807, 808, 810, 811, 812, 813, 815, 835, 853, 854, 855, 856, 857, 858, 859, 860, 861, 862, 863, 864, 865, 871, 872, 875, 876, 889, 890, 891, 895, 896, 897, 898, 899, 900, 901, 902, 903, 904, 905, 906, 907, 908, 909, 910, 911, 912, 913, 914, 915, 916, 917, 918, 919, 920, 922, 923, 924, 925, 926, 927, 928, 929, 930, 931, 932, 933, 934, 935, 936, 937, 938, 939, 940, 942, 945, 946, 963, 965, 967, 968, 970, 980, 981, 982, 984, 985, 986, 987, 989, 990, 991, 994, 995, 996, 1002, 1009, 1010, 1011, 1012, 1013, 1014, 1017, 1018, 1020, 1021, 1022, 1023, 1024, 1025, 1026, 1030, 1032, 1039, 1040, 1041, 1050, 1051, 1052, 1055, 1056, 1057, 1058, 1060, 1061, 1062, 1063, 1065, 1066, 1067, 1068, 1069, 1070, 1072, 1073, 1074, 1076, 1079, 1080, 1081, 1083, 1085, 1086, 1087, 1090, 1091, 1092, 1093, 1094, 1097, 1098, 1099, 1100, 1101, 1102, 1104, 1105, 1106, 1109, 1110, 1111, 1112, 1114, 1117, 1118, 1137, 1139, 1150, 1151, 1161, 1237, 1238, 1239, 1240, 1249, 1250, 1251, 1252, 1253, 1254, 1255, 1256, 1257, 1258, 1259, 1260, 1261, 1262, 1265, 1266, 1267, 1269, 1270, 1271, 1272, 1273, 1274, 1275, 1276, 1278], "summary": {"covered_lines": 580, "num_statements": 763, "percent_covered": 76.01572739187418, "percent_covered_display": "76.02", "missing_lines": 183, "excluded_lines": 0, "percent_statements_covered": 76.01572739187418, "percent_statements_covered_display": "76.02"}, "missing_lines": [33, 34, 35, 59, 60, 62, 82, 83, 85, 86, 87, 119, 121, 201, 243, 245, 265, 275, 276, 351, 384, 385, 386, 387, 389, 390, 465, 493, 494, 495, 496, 498, 499, 500, 568, 569, 570, 601, 602, 603, 604, 606, 607, 614, 615, 616, 625, 632, 633, 668, 693, 732, 733, 734, 735, 737, 738, 752, 753, 754, 755, 760, 762, 763, 764, 765, 766, 767, 768, 769, 770, 771, 772, 773, 774, 775, 798, 803, 804, 816, 834, 836, 837, 838, 839, 840, 841, 842, 843, 844, 845, 846, 847, 848, 849, 850, 851, 866, 867, 868, 869, 870, 971, 972, 973, 974, 976, 977, 997, 1001, 1003, 1004, 1005, 1006, 1007, 1140, 1141, 1142, 1143, 1145, 1146, 1147, 1152, 1153, 1154, 1155, 1157, 1158, 1162, 1163, 1164, 1165, 1166, 1167, 1169, 1170, 1171, 1172, 1173, 1175, 1176, 1179, 1180, 1181, 1183, 1184, 1192, 1193, 1194, 1195, 1196, 1197, 1198, 1199, 1200, 1201, 1202, 1203, 1204, 1205, 1206, 1207, 1208, 1209, 1210, 1213, 1214, 1215, 1216, 1217, 1218, 1219, 1221, 1222, 1224, 1225, 1227, 1228, 1229, 1230, 1232, 1233, 1234], "excluded_lines": []}}}, "src/jig/cli/validate.py": {"executed_lines": [1, 5, 6, 7, 9, 11, 12, 13, 21, 31, 34, 36, 37, 38, 39, 40, 41, 42, 46, 48, 49, 50, 51, 52, 53, 54, 55, 56, 57, 58, 61, 62, 81, 82, 83, 84, 85, 87, 90, 91, 92, 93, 95, 96, 97, 100, 101, 103, 104, 107, 108, 110, 112, 113, 114, 117, 118, 119, 120, 122, 123, 126, 127, 133, 134, 137, 138, 140, 141, 144, 145, 146, 153, 154, 157, 159, 161, 162, 163, 165, 168, 169, 170, 171, 173, 174, 175, 177, 178, 181, 182, 185, 187, 189, 190, 192, 193, 194, 195, 197, 200, 209, 212, 213, 218, 219, 228, 229, 231, 233, 236, 237, 240, 241, 245, 250, 253, 255, 256, 257, 258, 260, 262, 263, 265, 268, 269, 288, 289, 290, 291, 293, 296, 297, 300, 301, 304, 307, 308, 309, 310, 313, 314, 317, 318, 322, 323, 324, 328, 329, 332, 333, 336, 337, 339, 340, 341, 343, 345, 346, 347, 348, 350, 351, 352, 354, 355, 358, 359, 362, 371, 373, 374, 375, 377, 380, 381, 382, 383, 385, 386, 389, 390, 395, 396, 397, 399, 400, 403, 404, 405, 406, 408, 411, 412, 418, 421, 422, 424, 427, 428, 429, 436, 438, 441, 450, 451, 453, 456, 457, 460, 464, 467, 470, 471, 474, 477, 478, 480, 483, 484, 503, 504, 507, 508, 509, 512, 513, 514, 515, 517, 518, 519, 522, 523, 525, 527, 530, 533, 534, 537, 538, 539, 540, 543, 544, 545, 546, 547, 550, 551, 554, 555, 561, 562, 563, 564, 566, 568, 570, 577, 585], "summary": {"covered_lines": 261, "num_statements": 275, "percent_covered": 94.9090909090909, "percent_covered_display": "94.91", "missing_lines": 14, "excluded_lines": 0, "percent_statements_covered": 94.9090909090909, "percent_statements_covered_display": "94.91"}, "missing_lines": [43, 261, 264, 302, 303, 305, 392, 461, 578, 579, 580, 581, 582, 583], "excluded_lines": [], "functions": {"_get_charter_goals": {"executed_lines": [36, 37, 38, 39, 40, 41, 42], "summary": {"covered_lines": 7, "num_statements": 8, "percent_covered": 87.5, "percent_covered_display": "87.50", "missing_lines": 1, "excluded_lines": 0, "percent_statements_covered": 87.5, "percent_statements_covered_display": "87.50"}, "missing_lines": [43], "excluded_lines": []}, "_get_all_spec_ids": {"executed_lines": [48, 49, 50, 51, 52, 53, 54, 55, 56, 57, 58], "summary": {"covered_lines": 11, "num_statements": 11, "percent_covered": 100.0, "percent_covered_display": "100.00", "missing_lines": 0, "excluded_lines": 0, "percent_statements_covered": 100.0, "percent_statements_covered_display": "100.00"}, "missing_lines": [], "excluded_lines": []}, "validate_intent_command": {"executed_lines": [81, 82, 83, 84, 85, 87, 90, 91, 92, 93, 95, 96, 97, 100, 101, 103, 104, 107, 108, 110, 112, 113, 114, 117, 118, 119, 120, 122, 123, 126, 127, 133, 134, 137, 138, 140, 141, 144, 145, 146, 153, 154, 157, 159, 161, 162, 163, 165, 168, 169, 170, 171, 173, 174, 175, 177, 178, 181, 182], "summary": {"covered_lines": 59, "num_statements": 59, "percent_covered": 100.0, "percent_covered_display": "100.00", "missing_lines": 0, "excluded_lines": 0, "percent_statements_covered": 100.0, "percent_statements_covered_display": "100.00"}, "missing_lines": [], "excluded_lines": []}, "_combine_results": {"executed_lines": [187, 189, 190, 192, 193, 194, 195, 197], "summary": {"covered_lines": 8, "num_statements": 8, "percent_covered": 100.0, "percent_covered_display": "100.00", "missing_lines": 0, "excluded_lines": 0, "percent_statements_covered": 100.0, "percent_statements_covered_display": "100.00"}, "missing_lines": [], "excluded_lines": []}, "_format_json_output": {"executed_lines": [209, 212, 213, 218, 219, 228, 229, 231, 233, 236, 237, 240, 241, 245, 250], "summary": {"covered_lines": 15, "num_statements": 15, "percent_covered": 100.0, "percent_covered_display": "100.00", "missing_lines": 0, "excluded_lines": 0, "percent_statements_covered": 100.0, "percent_statements_covered_display": "100.00"}, "missing_lines": [], "excluded_lines": []}, "_has_towers": {"executed_lines": [255, 256, 257, 258, 260, 262, 263, 265], "summary": {"covered_lines": 8, "num_statements": 10, "percent_covered": 80.0, "percent_covered_display": "80.00", "missing_lines": 2, "excluded_lines": 0, "percent_statements_covered": 80.0, "percent_statements_covered_display": "80.00"}, "missing_lines": [261, 264], "excluded_lines": []}, "validate_bricks_command": {"executed_lines": [288, 289, 290, 291, 293, 296, 297, 300, 301, 304, 307, 308, 309, 310, 313, 314, 317, 318, 322, 323, 324, 328, 329, 332, 333, 336, 337, 339, 340, 341, 343, 345, 346, 347, 348, 350, 351, 352, 354, 355, 358, 359], "summary": {"covered_lines": 42, "num_statements": 45, "percent_covered": 93.33333333333333, "percent_covered_display": "93.33", "missing_lines": 3, "excluded_lines": 0, "percent_statements_covered": 93.33333333333333, "percent_statements_covered_display": "93.33"}, "missing_lines": [302, 303, 305], "excluded_lines": []}, "_run_intent_validation": {"executed_lines": [371, 373, 374, 375, 377, 380, 381, 382, 383, 385, 386, 389, 390, 395, 396, 397, 399, 400, 403, 404, 405, 406, 408, 411, 412, 418, 421, 422, 424, 427, 428, 429, 436, 438], "summary": {"covered_lines": 34, "num_statements": 35, "percent_covered": 97.14285714285714, "percent_covered_display": "97.14", "missing_lines": 1, "excluded_lines": 0, "percent_statements_covered": 97.14285714285714, "percent_statements_covered_display": "97.14"}, "missing_lines": [392], "excluded_lines": []}, "_run_bricks_validation": {"executed_lines": [450, 451, 453, 456, 457, 460, 464, 467, 470, 471, 474, 477, 478, 480], "summary": {"covered_lines": 14, "num_statements": 15, "percent_covered": 93.33333333333333, "percent_covered_display": "93.33", "missing_lines": 1, "excluded_lines": 0, "percent_statements_covered": 93.33333333333333, "percent_statements_covered_display": "93.33"}, "missing_lines": [461], "excluded_lines": []}, "validate_full_command": {"executed_lines": [503, 504, 507, 508, 509, 512, 513, 514, 515, 517, 518, 519, 522, 523, 525, 527, 530, 533, 534, 537, 538, 539, 540, 543, 544, 545, 546, 547, 550, 551], "summary": {"covered_lines": 30, "num_statements": 30, "percent_covered": 100.0, "percent_covered_display": "100.00", "missing_lines": 0, "excluded_lines": 0, "percent_statements_covered": 100.0, "percent_statements_covered_display": "100.00"}, "missing_lines": [], "excluded_lines": []}, "auto_validate_decorators": {"executed_lines": [561, 562, 563, 564, 566, 568, 570, 577, 585], "summary": {"covered_lines": 9, "num_statements": 15, "percent_covered": 60.0, "percent_covered_display": "60.00", "missing_lines": 6, "excluded_lines": 0, "percent_statements_covered": 60.0, "percent_statements_covered_display": "60.00"}, "missing_lines": [578, 579, 580, 581, 582, 583], "excluded_lines": []}, "": {"executed_lines": [1, 5, 6, 7, 9, 11, 12, 13, 21, 31, 34, 46, 61, 62, 185, 200, 253, 268, 269, 362, 441, 483, 484, 554, 555], "summary": {"covered_lines": 24, "num_statements": 24, "percent_covered": 100.0, "percent_covered_display": "100.00", "missing_lines": 0, "excluded_lines": 0, "percent_statements_covered": 100.0, "percent_statements_covered_display": "100.00"}, "missing_lines": [], "excluded_lines": []}}, "classes": {"": {"executed_lines": [1, 5, 6, 7, 9, 11, 12, 13, 21, 31, 34, 36, 37, 38, 39, 40, 41, 42, 46, 48, 49, 50, 51, 52, 53, 54, 55, 56, 57, 58, 61, 62, 81, 82, 83, 84, 85, 87, 90, 91, 92, 93, 95, 96, 97, 100, 101, 103, 104, 107, 108, 110, 112, 113, 114, 117, 118, 119, 120, 122, 123, 126, 127, 133, 134, 137, 138, 140, 141, 144, 145, 146, 153, 154, 157, 159, 161, 162, 163, 165, 168, 169, 170, 171, 173, 174, 175, 177, 178, 181, 182, 185, 187, 189, 190, 192, 193, 194, 195, 197, 200, 209, 212, 213, 218, 219, 228, 229, 231, 233, 236, 237, 240, 241, 245, 250, 253, 255, 256, 257, 258, 260, 262, 263, 265, 268, 269, 288, 289, 290, 291, 293, 296, 297, 300, 301, 304, 307, 308, 309, 310, 313, 314, 317, 318, 322, 323, 324, 328, 329, 332, 333, 336, 337, 339, 340, 341, 343, 345, 346, 347, 348, 350, 351, 352, 354, 355, 358, 359, 362, 371, 373, 374, 375, 377, 380, 381, 382, 383, 385, 386, 389, 390, 395, 396, 397, 399, 400, 403, 404, 405, 406, 408, 411, 412, 418, 421, 422, 424, 427, 428, 429, 436, 438, 441, 450, 451, 453, 456, 457, 460, 464, 467, 470, 471, 474, 477, 478, 480, 483, 484, 503, 504, 507, 508, 509, 512, 513, 514, 515, 517, 518, 519, 522, 523, 525, 527, 530, 533, 534, 537, 538, 539, 540, 543, 544, 545, 546, 547, 550, 551, 554, 555, 561, 562, 563, 564, 566, 568, 570, 577, 585], "summary": {"covered_lines": 261, "num_statements": 275, "percent_covered": 94.9090909090909, "percent_covered_display": "94.91", "missing_lines": 14, "excluded_lines": 0, "percent_statements_covered": 94.9090909090909, "percent_statements_covered_display": "94.91"}, "missing_lines": [43, 261, 264, 302, 303, 305, 392, 461, 578, 579, 580, 581, 582, 583], "excluded_lines": []}}}, "src/jig/config/__init__.py": {"executed_lines": [1, 3, 4, 5, 7], "summary": {"covered_lines": 4, "num_statements": 4, "percent_covered": 100.0, "percent_covered_display": "100.00", "missing_lines": 0, "excluded_lines": 0, "percent_statements_covered": 100.0, "percent_statements_covered_display": "100.00"}, "missing_lines": [], "excluded_lines": [], "functions": {"": {"executed_lines": [1, 3, 4, 5, 7], "summary": {"covered_lines": 4, "num_statements": 4, "percent_covered": 100.0, "percent_covered_display": "100.00", "missing_lines": 0, "excluded_lines": 0, "percent_statements_covered": 100.0, "percent_statements_covered_display": "100.00"}, "missing_lines": [], "excluded_lines": []}}, "classes": {"": {"executed_lines": [1, 3, 4, 5, 7], "summary": {"covered_lines": 4, "num_statements": 4, "percent_covered": 100.0, "percent_covered_display": "100.00", "missing_lines": 0, "excluded_lines": 0, "percent_statements_covered": 100.0, "percent_statements_covered_display": "100.00"}, "missing_lines": [], "excluded_lines": []}}}, "src/jig/config/discovery.py": {"executed_lines": [1, 6, 7, 9, 12, 13, 19, 26, 27, 41, 42, 44, 47, 49, 50, 52, 54, 55, 56, 59, 62, 63, 65, 66, 68, 71, 80, 81, 82, 83], "summary": {"covered_lines": 29, "num_statements": 33, "percent_covered": 87.87878787878788, "percent_covered_display": "87.88", "missing_lines": 4, "excluded_lines": 0, "percent_statements_covered": 87.87878787878788, "percent_statements_covered_display": "87.88"}, "missing_lines": [14, 15, 84, 86], "excluded_lines": [], "functions": {"find_config_file": {"executed_lines": [41, 42, 44, 47, 49, 50, 52, 54, 55, 56, 59, 62, 63, 65, 66, 68], "summary": {"covered_lines": 16, "num_statements": 16, "percent_covered": 100.0, "percent_covered_display": "100.00", "missing_lines": 0, "excluded_lines": 0, "percent_statements_covered": 100.0, "percent_statements_covered_display": "100.00"}, "missing_lines": [], "excluded_lines": []}, "_has_tool_jig_section": {"executed_lines": [80, 81, 82, 83], "summary": {"covered_lines": 4, "num_statements": 6, "percent_covered": 66.66666666666667, "percent_covered_display": "66.67", "missing_lines": 2, "excluded_lines": 0, "percent_statements_covered": 66.66666666666667, "percent_statements_covered_display": "66.67"}, "missing_lines": [84, 86], "excluded_lines": []}, "": {"executed_lines": [1, 6, 7, 9, 12, 13, 19, 26, 27, 71], "summary": {"covered_lines": 9, "num_statements": 11, "percent_covered": 81.81818181818181, "percent_covered_display": "81.82", "missing_lines": 2, "excluded_lines": 0, "percent_statements_covered": 81.81818181818181, "percent_statements_covered_display": "81.82"}, "missing_lines": [14, 15], "excluded_lines": []}}, "classes": {"": {"executed_lines": [1, 6, 7, 9, 12, 13, 19, 26, 27, 41, 42, 44, 47, 49, 50, 52, 54, 55, 56, 59, 62, 63, 65, 66, 68, 71, 80, 81, 82, 83], "summary": {"covered_lines": 29, "num_statements": 33, "percent_covered": 87.87878787878788, "percent_covered_display": "87.88", "missing_lines": 4, "excluded_lines": 0, "percent_statements_covered": 87.87878787878788, "percent_statements_covered_display": "87.88"}, "missing_lines": [14, 15, 84, 86], "excluded_lines": []}}}, "src/jig/config/parser.py": {"executed_lines": [1, 6, 7, 9, 12, 13, 18, 19, 21, 24, 25, 47, 48, 50, 51, 52, 53, 54, 59, 60, 63, 66, 79, 80, 82, 83, 87], "summary": {"covered_lines": 25, "num_statements": 27, "percent_covered": 92.5925925925926, "percent_covered_display": "92.59", "missing_lines": 2, "excluded_lines": 0, "percent_statements_covered": 92.5925925925926, "percent_statements_covered_display": "92.59"}, "missing_lines": [14, 15], "excluded_lines": [], "functions": {"parse_config_file": {"executed_lines": [47, 48, 50, 51, 52, 53, 54, 59, 60, 63], "summary": {"covered_lines": 10, "num_statements": 10, "percent_covered": 100.0, "percent_covered_display": "100.00", "missing_lines": 0, "excluded_lines": 0, "percent_statements_covered": 100.0, "percent_statements_covered_display": "100.00"}, "missing_lines": [], "excluded_lines": []}, "_extract_tool_jig_section": {"executed_lines": [79, 80, 82, 83, 87], "summary": {"covered_lines": 5, "num_statements": 5, "percent_covered": 100.0, "percent_covered_display": "100.00", "missing_lines": 0, "excluded_lines": 0, "percent_statements_covered": 100.0, "percent_statements_covered_display": "100.00"}, "missing_lines": [], "excluded_lines": []}, "": {"executed_lines": [1, 6, 7, 9, 12, 13, 18, 19, 21, 24, 25, 66], "summary": {"covered_lines": 10, "num_statements": 12, "percent_covered": 83.33333333333333, "percent_covered_display": "83.33", "missing_lines": 2, "excluded_lines": 0, "percent_statements_covered": 83.33333333333333, "percent_statements_covered_display": "83.33"}, "missing_lines": [14, 15], "excluded_lines": []}}, "classes": {"ConfigError": {"executed_lines": [], "summary": {"covered_lines": 0, "num_statements": 0, "percent_covered": 100.0, "percent_covered_display": "100.00", "missing_lines": 0, "excluded_lines": 0, "percent_statements_covered": 100.0, "percent_statements_covered_display": "100.00"}, "missing_lines": [], "excluded_lines": []}, "": {"executed_lines": [1, 6, 7, 9, 12, 13, 18, 19, 21, 24, 25, 47, 48, 50, 51, 52, 53, 54, 59, 60, 63, 66, 79, 80, 82, 83, 87], "summary": {"covered_lines": 25, "num_statements": 27, "percent_covered": 92.5925925925926, "percent_covered_display": "92.59", "missing_lines": 2, "excluded_lines": 0, "percent_statements_covered": 92.5925925925926, "percent_statements_covered_display": "92.59"}, "missing_lines": [14, 15], "excluded_lines": []}}}, "src/jig/config/schema.py": {"executed_lines": [1, 6, 7, 8, 10, 11, 12, 16, 17, 18, 19, 20, 21, 22, 23, 24, 27, 30, 31, 32, 37, 38, 39, 40, 41, 42, 43, 44, 45, 48, 49, 50, 59, 60, 61, 62, 65, 66, 79, 82, 85, 86, 88, 89, 92, 94, 102, 113, 116, 117, 120, 121, 124, 125, 126, 127, 128, 129, 131, 144, 158, 159, 160, 161, 164, 165, 167], "summary": {"covered_lines": 64, "num_statements": 65, "percent_covered": 98.46153846153847, "percent_covered_display": "98.46", "missing_lines": 1, "excluded_lines": 0, "percent_statements_covered": 98.46153846153847, "percent_statements_covered_display": "98.46"}, "missing_lines": [80], "excluded_lines": [], "functions": {"load_config": {"executed_lines": [79, 82, 85, 86, 88, 89, 92, 94], "summary": {"covered_lines": 8, "num_statements": 9, "percent_covered": 88.88888888888889, "percent_covered_display": "88.89", "missing_lines": 1, "excluded_lines": 0, "percent_statements_covered": 88.88888888888889, "percent_statements_covered_display": "88.89"}, "missing_lines": [80], "excluded_lines": []}, "_extract_paths_config": {"executed_lines": [113, 116, 117, 120, 121, 124, 125, 126, 127, 128, 129, 131], "summary": {"covered_lines": 12, "num_statements": 12, "percent_covered": 100.0, "percent_covered_display": "100.00", "missing_lines": 0, "excluded_lines": 0, "percent_statements_covered": 100.0, "percent_statements_covered_display": "100.00"}, "missing_lines": [], "excluded_lines": []}, "_get_paths_dict": {"executed_lines": [158, 159, 160, 161, 164, 165, 167], "summary": {"covered_lines": 7, "num_statements": 7, "percent_covered": 100.0, "percent_covered_dis
[...]
, 58, 105, 106, 176, 177, 305, 306, 456, 457, 501, 502, 574, 575, 683, 699, 709, 719, 767, 775, 787, 788, 939, 967, 968, 1050, 1051], "summary": {"covered_lines": 36, "num_statements": 36, "percent_covered": 100.0, "percent_covered_display": "100.00", "missing_lines": 0, "excluded_lines": 0, "percent_statements_covered": 100.0, "percent_statements_covered_display": "100.00"}, "missing_lines": [], "excluded_lines": []}}, "classes": {"": {"executed_lines": [1, 7, 8, 9, 10, 12, 14, 15, 23, 24, 43, 44, 45, 46, 47, 49, 53, 54, 57, 58, 76, 79, 80, 82, 84, 87, 88, 91, 93, 94, 102, 105, 106, 115, 117, 118, 120, 122, 123, 126, 127, 128, 129, 136, 137, 139, 140, 145, 147, 150, 151, 160, 161, 162, 173, 176, 177, 188, 190, 191, 193, 194, 196, 198, 199, 210, 211, 219, 221, 231, 232, 241, 244, 245, 255, 256, 257, 266, 267, 268, 277, 278, 287, 290, 291, 292, 293, 302, 305, 306, 318, 320, 321, 324, 325, 327, 328, 329, 331, 333, 334, 345, 346, 354, 356, 366, 367, 376, 377, 386, 389, 390, 400, 401, 402, 411, 412, 422, 432, 435, 436, 446, 447, 448, 451, 453, 456, 457, 468, 470, 471, 474, 475, 477, 479, 480, 484, 485, 488, 489, 498, 501, 502, 517, 519, 520, 523, 524, 527, 528, 529, 530, 533, 534, 536, 537, 538, 539, 540, 543, 544, 546, 547, 548, 552, 555, 556, 557, 566, 569, 571, 574, 575, 589, 592, 593, 594, 597, 601, 602, 603, 608, 611, 612, 615, 616, 617, 618, 621, 622, 623, 624, 625, 646, 647, 648, 649, 652, 653, 654, 655, 656, 677, 678, 680, 683, 685, 686, 687, 690, 691, 694, 699, 701, 702, 703, 704, 705, 706, 709, 711, 712, 713, 714, 715, 716, 719, 730, 732, 734, 735, 736, 738, 739, 740, 742, 743, 744, 754, 755, 764, 767, 769, 770, 771, 775, 777, 778, 787, 788, 800, 801, 804, 815, 816, 827, 838, 849, 850, 851, 859, 861, 872, 884, 885, 886, 897, 908, 909, 910, 913, 914, 925, 926, 935, 936, 939, 945, 946, 948, 949, 951, 952, 953, 954, 956, 957, 958, 959, 964, 967, 968, 980, 983, 984, 985, 986, 987, 989, 994, 995, 998, 999, 1000, 1003, 1004, 1005, 1006, 1007, 1008, 1009, 1019, 1020, 1021, 1022, 1025, 1026, 1027, 1028, 1029, 1040, 1041, 1042, 1050, 1051, 1068, 1071, 1075, 1076, 1078, 1082, 1083, 1084, 1086, 1088, 1089, 1100, 1101, 1113, 1114, 1124, 1134, 1137, 1148, 1159, 1160, 1170, 1171, 1181, 1182, 1191, 1202, 1203, 1212, 1221, 1232, 1233, 1244, 1245, 1268, 1269], "summary": {"covered_lines": 360, "num_statements": 435, "percent_covered": 82.75862068965517, "percent_covered_display": "82.76", "missing_lines": 75, "excluded_lines": 0, "percent_statements_covered": 82.75862068965517, "percent_statements_covered_display": "82.76"}, "missing_lines": [131, 133, 169, 171, 200, 207, 222, 335, 342, 357, 413, 423, 482, 531, 550, 627, 628, 636, 637, 658, 659, 667, 668, 688, 692, 695, 696, 772, 779, 805, 812, 817, 824, 828, 839, 862, 870, 873, 881, 887, 898, 915, 927, 961, 962, 991, 992, 1001, 1023, 1030, 1031, 1072, 1073, 1079, 1080, 1090, 1097, 1102, 1110, 1125, 1138, 1149, 1161, 1172, 1183, 1192, 1204, 1213, 1222, 1234, 1246, 1247, 1257, 1258, 1259], "excluded_lines": []}}}, "src/jig/validation/models.py": {"executed_lines": [1, 5, 6, 9, 10, 11, 13, 14, 15, 16, 17, 18, 20, 21, 22, 23, 24, 27, 28, 29, 31, 32, 33, 34, 35, 36, 38, 40, 41, 43, 45, 46, 48, 50, 51, 53, 55, 56, 58], "summary": {"covered_lines": 36, "num_statements": 36, "percent_covered": 100.0, "percent_covered_display": "100.00", "missing_lines": 0, "excluded_lines": 0, "percent_statements_covered": 100.0, "percent_statements_covered_display": "100.00"}, "missing_lines": [], "excluded_lines": [], "functions": {"ValidationError.__str__": {"executed_lines": [21, 22, 23, 24], "summary": {"covered_lines": 4, "num_statements": 4, "percent_covered": 100.0, "percent_covered_display": "100.00", "missing_lines": 0, "excluded_lines": 0, "percent_statements_covered": 100.0, "percent_statements_covered_display": "100.00"}, "missing_lines": [], "excluded_lines": []}, "ValidationResult.add_error": {"executed_lines": [40, 41], "summary": {"covered_lines": 2, "num_statements": 2, "percent_covered": 100.0, "percent_covered_display": "100.00", "missing_lines": 0, "excluded_lines": 0, "percent_statements_covered": 100.0, "percent_statements_covered_display": "100.00"}, "missing_lines": [], "excluded_lines": []}, "ValidationResult.add_warning": {"executed_lines": [45, 46], "summary": {"covered_lines": 2, "num_statements": 2, "percent_covered": 100.0, "percent_covered_display": "100.00", "missing_lines": 0, "excluded_lines": 0, "percent_statements_covered": 100.0, "percent_statements_covered_display": "100.00"}, "missing_lines": [], "excluded_lines": []}, "ValidationResult.__str__": {"executed_lines": [50, 51, 53, 55, 56, 58], "summary": {"covered_lines": 6, "num_statements": 6, "percent_covered": 100.0, "percent_covered_display": "100.00", "missing_lines": 0, "excluded_lines": 0, "percent_statements_covered": 100.0, "percent_statements_covered_display": "100.00"}, "missing_lines": [], "excluded_lines": []}, "": {"executed_lines": [1, 5, 6, 9, 10, 11, 13, 14, 15, 16, 17, 18, 20, 27, 28, 29, 31, 32, 33, 34, 35, 36, 38, 43, 48], "summary": {"covered_lines": 22, "num_statements": 22, "percent_covered": 100.0, "percent_covered_display": "100.00", "missing_lines": 0, "excluded_lines": 0, "percent_statements_covered": 100.0, "percent_statements_covered_display": "100.00"}, "missing_lines": [], "excluded_lines": []}}, "classes": {"ValidationError": {"executed_lines": [21, 22, 23, 24], "summary": {"covered_lines": 4, "num_statements": 4, "percent_covered": 100.0, "percent_covered_display": "100.00", "missing_lines": 0, "excluded_lines": 0, "percent_statements_covered": 100.0, "percent_statements_covered_display": "100.00"}, "missing_lines": [], "excluded_lines": []}, "ValidationResult": {"executed_lines": [40, 41, 45, 46, 50, 51, 53, 55, 56, 58], "summary": {"covered_lines": 10, "num_statements": 10, "percent_covered": 100.0, "percent_covered_display": "100.00", "missing_lines": 0, "excluded_lines": 0, "percent_statements_covered": 100.0, "percent_statements_covered_display": "100.00"}, "missing_lines": [], "excluded_lines": []}, "": {"executed_lines": [1, 5, 6, 9, 10, 11, 13, 14, 15, 16, 17, 18, 20, 27, 28, 29, 31, 32, 33, 34, 35, 36, 38, 43, 48], "summary": {"covered_lines": 22, "num_statements": 22, "percent_covered": 100.0, "percent_covered_display": "100.00", "missing_lines": 0, "excluded_lines": 0, "percent_statements_covered": 100.0, "percent_statements_covered_display": "100.00"}, "missing_lines": [], "excluded_lines": []}}}, "src/jig/validation/reporting.py": {"executed_lines": [1, 5, 6, 8, 9, 12, 13, 23, 26, 27, 32, 33, 42, 43, 45, 47, 50, 51, 54, 55, 59, 64, 67, 77, 79, 80, 83, 84, 86, 89, 90, 101, 104, 105, 108, 109, 110, 113, 114, 115, 116, 117, 120, 121, 122, 123, 124, 125, 126, 129, 130, 131, 132, 135, 136, 137, 138, 140, 142, 145, 148, 149, 151, 154, 157, 158, 162], "summary": {"covered_lines": 66, "num_statements": 67, "percent_covered": 98.50746268656717, "percent_covered_display": "98.51", "missing_lines": 1, "excluded_lines": 0, "percent_statements_covered": 98.50746268656717, "percent_statements_covered_display": "98.51"}, "missing_lines": [160], "excluded_lines": [], "functions": {"format_as_json": {"executed_lines": [23, 26, 27, 32, 33, 42, 43, 45, 47, 50, 51, 54, 55, 59, 64], "summary": {"covered_lines": 15, "num_statements": 15, "percent_covered": 100.0, "percent_covered_display": "100.00", "missing_lines": 0, "excluded_lines": 0, "percent_statements_covered": 100.0, "percent_statements_covered_display": "100.00"}, "missing_lines": [], "excluded_lines": []}, "format_validation_results": {"executed_lines": [77, 79, 80, 83, 84, 86], "summary": {"covered_lines": 6, "num_statements": 6, "percent_covered": 100.0, "percent_covered_display": "100.00", "missing_lines": 0, "excluded_lines": 0, "percent_statements_covered": 100.0, "percent_statements_covered_display": "100.00"}, "missing_lines": [], "excluded_lines": []}, "format_as_markdown": {"executed_lines": [101, 104, 105, 108, 109, 110, 113, 114, 115, 116, 117, 120, 121, 122, 123, 124, 125, 126, 129, 130, 131, 132, 135, 136, 137, 138, 140, 142, 145, 148, 149, 151, 154, 157, 158, 162], "summary": {"covered_lines": 36, "num_statements": 37, "percent_covered": 97.29729729729729, "percent_covered_display": "97.30", "missing_lines": 1, "excluded_lines": 0, "percent_statements_covered": 97.29729729729729, "percent_statements_covered_display": "97.30"}, "missing_lines": [160], "excluded_lines": []}, "": {"executed_lines": [1, 5, 6, 8, 9, 12, 13, 67, 89, 90], "summary": {"covered_lines": 9, "num_statements": 9, "percent_covered": 100.0, "percent_covered_display": "100.00", "missing_lines": 0, "excluded_lines": 0, "percent_statements_covered": 100.0, "percent_statements_covered_display": "100.00"}, "missing_lines": [], "excluded_lines": []}}, "classes": {"": {"executed_lines": [1, 5, 6, 8, 9, 12, 13, 23, 26, 27, 32, 33, 42, 43, 45, 47, 50, 51, 54, 55, 59, 64, 67, 77, 79, 80, 83, 84, 86, 89, 90, 101, 104, 105, 108, 109, 110, 113, 114, 115, 116, 117, 120, 121, 122, 123, 124, 125, 126, 129, 130, 131, 132, 135, 136, 137, 138, 140, 142, 145, 148, 149, 151, 154, 157, 158, 162], "summary": {"covered_lines": 66, "num_statements": 67, "percent_covered": 98.50746268656717, "percent_covered_display": "98.51", "missing_lines": 1, "excluded_lines": 0, "percent_statements_covered": 98.50746268656717, "percent_statements_covered_display": "98.51"}, "missing_lines": [160], "excluded_lines": []}}}, "src/jig/verification_graph/__init__.py": {"executed_lines": [1, 7, 8, 9, 11], "summary": {"covered_lines": 4, "num_statements": 4, "percent_covered": 100.0, "percent_covered_display": "100.00", "missing_lines": 0, "excluded_lines": 0, "percent_statements_covered": 100.0, "percent_statements_covered_display": "100.00"}, "missing_lines": [], "excluded_lines": [], "functions": {"": {"executed_lines": [1, 7, 8, 9, 11], "summary": {"covered_lines": 4, "num_statements": 4, "percent_covered": 100.0, "percent_covered_display": "100.00", "missing_lines": 0, "excluded_lines": 0, "percent_statements_covered": 100.0, "percent_statements_covered_display": "100.00"}, "missing_lines": [], "excluded_lines": []}}, "classes": {"": {"executed_lines": [1, 7, 8, 9, 11], "summary": {"covered_lines": 4, "num_statements": 4, "percent_covered": 100.0, "percent_covered_display": "100.00", "missing_lines": 0, "excluded_lines": 0, "percent_statements_covered": 100.0, "percent_statements_covered_display": "100.00"}, "missing_lines": [], "excluded_lines": []}}}, "src/jig/verification_graph/analyzer.py": {"executed_lines": [1, 8, 9, 10, 11, 12, 14, 15, 17, 20, 21, 29, 35, 37, 38, 48, 50, 51, 52, 58, 59, 60, 65, 66, 67, 68, 75, 77, 79, 80, 81, 82, 83, 90, 93, 95, 97, 118, 119, 121, 124, 127, 129, 137, 157, 159, 161, 165, 167, 169, 171, 172, 173, 174, 176, 177, 179, 183, 184, 185, 187, 188, 190, 196, 198, 207, 208], "summary": {"covered_lines": 65, "num_statements": 72, "percent_covered": 90.27777777777777, "percent_covered_display": "90.28", "missing_lines": 7, "excluded_lines": 0, "percent_statements_covered": 90.27777777777777, "percent_statements_covered_display": "90.28"}, "missing_lines": [53, 54, 55, 61, 62, 162, 180], "excluded_lines": [], "functions": {"TestAnalyzer.__init__": {"executed_lines": [35], "summary": {"covered_lines": 1, "num_statements": 1, "percent_covered": 100.0, "percent_covered_display": "100.00", "missing_lines": 0, "excluded_lines": 0, "percent_statements_covered": 100.0, "percent_statements_covered_display": "100.00"}, "missing_lines": [], "excluded_lines": []}, "TestAnalyzer.analyze_file": {"executed_lines": [48, 50, 51, 52, 58, 59, 60, 65, 66, 67, 68, 75, 77, 79, 80, 81, 82, 83, 90, 93, 95], "summary": {"covered_lines": 21, "num_statements": 26, "percent_covered": 80.76923076923077, "percent_covered_display": "80.77", "missing_lines": 5, "excluded_lines": 0, "percent_statements_covered": 80.76923076923077, "percent_statements_covered_display": "80.77"}, "missing_lines": [53, 54, 55, 61, 62], "excluded_lines": []}, "TestAnalyzer._create_test_node": {"executed_lines": [118, 119, 121, 124, 127, 129], "summary": {"covered_lines": 6, "num_statements": 6, "percent_covered": 100.0, "percent_covered_display": "100.00", "missing_lines": 0, "excluded_lines": 0, "percent_statements_covered": 100.0, "percent_statements_covered_display": "100.00"}, "missing_lines": [], "excluded_lines": []}, "TestAnalyzer._extract_verifies_decorators": {"executed_lines": [157, 159, 161, 165, 167, 169, 171, 172, 173, 174, 176, 177, 179, 183, 184, 185, 187, 188, 190, 196], "summary": {"covered_lines": 20, "num_statements": 22, "percent_covered": 90.9090909090909, "percent_covered_display": "90.91", "missing_lines": 2, "excluded_lines": 0, "percent_statements_covered": 90.9090909090909, "percent_statements_covered_display": "90.91"}, "missing_lines": [162, 180], "excluded_lines": []}, "TestAnalyzer._validate_spec_id": {"executed_lines": [207, 208], "summary": {"covered_lines": 2, "num_statements": 2, "percent_covered": 100.0, "percent_covered_display": "100.00", "missing_lines": 0, "excluded_lines": 0, "percent_statements_covered": 100.0, "percent_statements_covered_display": "100.00"}, "missing_lines": [], "excluded_lines": []}, "": {"executed_lines": [1, 8, 9, 10, 11, 12, 14, 15, 17, 20, 21, 29, 37, 38, 97, 137, 198], "summary": {"covered_lines": 15, "num_statements": 15, "percent_covered": 100.0, "percent_covered_display": "100.00", "missing_lines": 0, "excluded_lines": 0, "percent_statements_covered": 100.0, "percent_statements_covered_display": "100.00"}, "missing_lines": [], "excluded_lines": []}}, "classes": {"TestAnalyzer": {"executed_lines": [35, 48, 50, 51, 52, 58, 59, 60, 65, 66, 67, 68, 75, 77, 79, 80, 81, 82, 83, 90, 93, 95, 118, 119, 121, 124, 127, 129, 157, 159, 161, 165, 167, 169, 171, 172, 173, 174, 176, 177, 179, 183, 184, 185, 187, 188, 190, 196, 207, 208], "summary": {"covered_lines": 50, "num_statements": 57, "percent_covered": 87.71929824561404, "percent_covered_display": "87.72", "missing_lines": 7, "excluded_lines": 0, "percent_statements_covered": 87.71929824561404, "percent_statements_covered_display": "87.72"}, "missing_lines": [53, 54, 55, 61, 62, 162, 180], "excluded_lines": []}, "": {"executed_lines": [1, 8, 9, 10, 11, 12, 14, 15, 17, 20, 21, 29, 37, 38, 97, 137, 198], "summary": {"covered_lines": 15, "num_statements": 15, "percent_covered": 100.0, "percent_covered_display": "100.00", "missing_lines": 0, "excluded_lines": 0, "percent_statements_covered": 100.0, "percent_statements_covered_display": "100.00"}, "missing_lines": [], "excluded_lines": []}}}, "src/jig/verification_graph/builder.py": {"executed_lines": [1, 7, 8, 10, 11, 12, 13, 14, 17, 18, 45, 48, 51, 52, 53, 54, 55, 57, 58, 65, 66, 67, 69], "summary": {"covered_lines": 22, "num_statements": 22, "percent_covered": 100.0, "percent_covered_display": "100.00", "missing_lines": 0, "excluded_lines": 0, "percent_statements_covered": 100.0, "percent_statements_covered_display": "100.00"}, "missing_lines": [], "excluded_lines": [], "functions": {"build_verification_graph": {"executed_lines": [45, 48, 51, 52, 53, 54, 55, 57, 58, 65, 66, 67, 69], "summary": {"covered_lines": 13, "num_statements": 13, "percent_covered": 100.0, "percent_covered_display": "100.00", "missing_lines": 0, "excluded_lines": 0, "percent_statements_covered": 100.0, "percent_statements_covered_display": "100.00"}, "missing_lines": [], "excluded_lines": []}, "": {"executed_lines": [1, 7, 8, 10, 11, 12, 13, 14, 17, 18], "summary": {"covered_lines": 9, "num_statements": 9, "percent_covered": 100.0, "percent_covered_display": "100.00", "missing_lines": 0, "excluded_lines": 0, "percent_statements_covered": 100.0, "percent_statements_covered_display": "100.00"}, "missing_lines": [], "excluded_lines": []}}, "classes": {"": {"executed_lines": [1, 7, 8, 10, 11, 12, 13, 14, 17, 18, 45, 48, 51, 52, 53, 54, 55, 57, 58, 65, 66, 67, 69], "summary": {"covered_lines": 22, "num_statements": 22, "percent_covered": 100.0, "percent_covered_display": "100.00", "missing_lines": 0, "excluded_lines": 0, "percent_statements_covered": 100.0, "percent_statements_covered_display": "100.00"}, "missing_lines": [], "excluded_lines": []}}}, "src/jig/verification_graph/discovery.py": {"executed_lines": [1, 7, 8, 9, 10, 12, 15, 32, 33, 34, 43, 44, 45, 46, 49, 50, 69, 70, 72, 73, 75, 78, 79, 80, 83, 84, 85, 88, 91, 103, 104, 105, 106, 109, 126, 128, 129, 130, 131, 137, 140, 141, 142, 146, 149, 150, 152, 153, 154, 163, 165, 166, 167, 170, 171, 181, 184, 194], "summary": {"covered_lines": 56, "num_statements": 60, "percent_covered": 93.33333333333333, "percent_covered_display": "93.33", "missing_lines": 4, "excluded_lines": 0, "percent_statements_covered": 93.33333333333333, "percent_statements_covered_display": "93.33"}, "missing_lines": [132, 134, 143, 144], "excluded_lines": [], "functions": {"discover_test_files": {"executed_lines": [69, 70, 72, 73, 75, 78, 79, 80, 83, 84, 85, 88], "summary": {"covered_lines": 12, "num_statements": 12, "percent_covered": 100.0, "percent_covered_display": "100.00", "missing_lines": 0, "excluded_lines": 0, "percent_statements_covered": 100.0, "percent_statements_covered_display": "100.00"}, "missing_lines": [], "excluded_lines": []}, "_should_include": {"executed_lines": [103, 104, 105, 106], "summary": {"covered_lines": 4, "num_statements": 4, "percent_covered": 100.0, "percent_covered_display": "100.00", "missing_lines": 0, "excluded_lines": 0, "percent_statements_covered": 100.0, "percent_statements_covered_display": "100.00"}, "missing_lines": [], "excluded_lines": []}, "discover_tests": {"executed_lines": [126, 128, 129, 130, 131, 137, 140, 141, 142, 146, 149, 150, 152, 153, 154, 163, 165, 166, 167, 170, 171, 181], "summary": {"covered_lines": 22, "num_statements": 26, "percent_covered": 84.61538461538461, "percent_covered_display": "84.62", "missing_lines": 4, "excluded_lines": 0, "percent_statements_covered": 84.61538461538461, "percent_statements_covered_display": "84.62"}, "missing_lines": [132, 134, 143, 144], "excluded_lines": []}, "_is_top_level": {"executed_lines": [194], "summary": {"covered_lines": 1, "num_statements": 1, "percent_covered": 100.0, "percent_covered_display": "100.00", "missing_lines": 0, "excluded_lines": 0, "percent_statements_covered": 100.0, "percent_statements_covered_display": "100.00"}, "missing_lines": [], "excluded_lines": []}, "": {"executed_lines": [1, 7, 8, 9, 10, 12, 15, 32, 33, 34, 43, 44, 45, 46, 49, 50, 91, 109, 184], "summary": {"covered_lines": 17, "num_statements": 17, "percent_covered": 100.0, "percent_covered_display": "100.00", "missing_lines": 0, "excluded_lines": 0, "percent_statements_covered": 100.0, "percent_statements_covered_display": "100.00"}, "missing_lines": [], "excluded_lines": []}}, "classes": {"TestInfo": {"executed_lines": [], "summary": {"covered_lines": 0, "num_statements": 0, "percent_covered": 100.0, "percent_covered_display": "100.00", "missing_lines": 0, "excluded_lines": 0, "percent_statements_covered": 100.0, "percent_statements_covered_display": "100.00"}, "missing_lines": [], "excluded_lines": []}, "": {"executed_lines": [1, 7, 8, 9, 10, 12, 15, 32, 33, 34, 43, 44, 45, 46, 49, 50, 69, 70, 72, 73, 75, 78, 79, 80, 83, 84, 85, 88, 91, 103, 104, 105, 106, 109, 126, 128, 129, 130, 131, 137, 140, 141, 142, 146, 149, 150, 152, 153, 154, 163, 165, 166, 167, 170, 171, 181, 184, 194], "summary": {"covered_lines": 56, "num_statements": 60, "percent_covered": 93.33333333333333, "percent_covered_display": "93.33", "missing_lines": 4, "excluded_lines": 0, "percent_statements_covered": 93.33333333333333, "percent_statements_covered_display": "93.33"}, "missing_lines": [132, 134, 143, 144], "excluded_lines": []}}}}, "totals": {"covered_lines": 3728, "num_statements": 4296, "percent_covered": 86.77839851024208, "percent_covered_display": "86.78", "missing_lines": 568, "excluded_lines": 1, "percent_statements_covered": 86.77839851024208, "percent_statements_covered_display": "86.78"}}